<?xml version="1.0" encoding="utf-8"?><testsuites name="pytest tests"><testsuite name="pytest" errors="0" failures="0" skipped="0" tests="13" time="4.774" timestamp="2026-05-30T02:57:40.833559+00:00" hostname="agent-env-8318e6bc-d15f-4602-8ef3-9fb1219e7321"><testcase classname="backend.tests.test_bounty_board.TestBountyBoardAnonymous" name="test_anonymous_get_returns_list" time="0.225" /><testcase classname="backend.tests.test_bounty_board.TestBountyBoardAnonymous" name="test_anonymous_get_includes_seeded_npc_fields" time="0.117" /><testcase classname="backend.tests.test_bounty_board.TestBountyBoardNationFilter" name="test_filter_ammeonon_includes_amme_excludes_seli" time="0.117" /><testcase classname="backend.tests.test_bounty_board.TestBountyBoardNationFilter" name="test_filter_selindori_includes_seli_excludes_amme" time="0.113" /><testcase classname="backend.tests.test_bounty_board.TestBountyBoardVisibility" name="test_no_character_petty_or_minor_bounties_present" time="0.121" /><testcase classname="backend.tests.test_bounty_board.TestBountyBoardVisibility" name="test_npc_minor_is_visible" time="0.131" /><testcase classname="backend.tests.test_bounty_board.TestNpcHuntingPayout" name="test_claim_npc_bounty_closes_crimes_and_returns_total" time="0.007" /><testcase classname="backend.tests.test_bounty_board.TestNpcHuntingPayout" name="test_claimed_npc_removed_from_bounty_board" time="0.183" /><testcase classname="backend.tests.test_bounty_board.TestRegressionLaw" name="test_rap_sheet_endpoint" time="0.638" /><testcase classname="backend.tests.test_bounty_board.TestRegressionChronicle" name="test_chronicle_public" time="0.108" /><testcase classname="backend.tests.test_bounty_board.TestRegressionImageStorage" name="test_city_image_returns_small_json_with_image_url" time="2.183" /><testcase classname="backend.tests.test_bounty_board.TestRegressionImageStorage" name="test_image_endpoint_serves_bytes" time="0.428" /><testcase classname="backend.tests.test_bounty_board.TestRegressionCompanions" name="test_owned_npcs_list" time="0.252" /></testsuite></testsuites>