<?xml version="1.0" encoding="utf-8"?><testsuites name="pytest tests"><testsuite name="pytest" errors="0" failures="0" skipped="0" tests="14" time="3.487" timestamp="2026-05-30T16:31:12.155563+00:00" hostname="agent-env-8318e6bc-d15f-4602-8ef3-9fb1219e7321"><testcase classname="backend.tests.test_cookie_auth.TestLoginCookie" name="test_login_sets_httponly_cookie" time="0.465" /><testcase classname="backend.tests.test_cookie_auth.TestLoginCookie" name="test_login_returns_token_in_body" time="0.342" /><testcase classname="backend.tests.test_cookie_auth.TestLoginCookie" name="test_login_invalid_credentials" time="0.345" /><testcase classname="backend.tests.test_cookie_auth.TestAuthMe" name="test_me_with_cookie_only" time="0.382" /><testcase classname="backend.tests.test_cookie_auth.TestAuthMe" name="test_me_with_bearer_only" time="0.439" /><testcase classname="backend.tests.test_cookie_auth.TestAuthMe" name="test_me_no_auth_returns_401" time="0.121" /><testcase classname="backend.tests.test_cookie_auth.TestProtectedRoutesCookie" name="test_protected_route_via_cookie[/api/auth/me]" time="0.055" /><testcase classname="backend.tests.test_cookie_auth.TestProtectedRoutesCookie" name="test_protected_route_via_cookie[/api/characters]" time="0.224" /><testcase classname="backend.tests.test_cookie_auth.TestProtectedRoutesCookie" name="test_protected_route_via_cookie[/api/admin/applications]" time="0.055" /><testcase classname="backend.tests.test_cookie_auth.TestProtectedRoutesCookie" name="test_protected_route_via_cookie[/api/wallet]" time="0.053" /><testcase classname="backend.tests.test_cookie_auth.TestProtectedRoutesCookie" name="test_protected_route_via_cookie[/api/quests/my-quests/accepted]" time="0.312" /><testcase classname="backend.tests.test_cookie_auth.TestLogout" name="test_logout_clears_cookie" time="0.548" /><testcase classname="backend.tests.test_cookie_auth.TestCORS" name="test_preflight_via_localhost_backend_returns_explicit_origin" time="0.002" /><testcase classname="backend.tests.test_cookie_auth.TestCORS" name="test_public_preflight_documents_ingress_override" time="0.076" /></testsuite></testsuites>