<?xml version="1.0" encoding="utf-8"?><testsuites name="pytest tests"><testsuite name="pytest" errors="0" failures="0" skipped="0" tests="26" time="8.017" timestamp="2026-08-21T14:02:27.064846+00:00" hostname="agent-env-8318e6bc-d15f-4602-8ef3-9fb1219e7321"><testcase classname="tests.test_deep_immersion.TestPrayerCatalogue" name="test_gods_public_no_auth" time="0.233" /><testcase classname="tests.test_deep_immersion.TestPrayerFlow" name="test_submit_prayer_elf_seren" time="3.509" /><testcase classname="tests.test_deep_immersion.TestPrayerFlow" name="test_same_god_cooldown_409" time="0.081" /><testcase classname="tests.test_deep_immersion.TestPrayerFlow" name="test_different_god_allowed" time="1.505" /><testcase classname="tests.test_deep_immersion.TestPrayerFlow" name="test_short_prayer_rejected" time="0.094" /><testcase classname="tests.test_deep_immersion.TestPrayerFlow" name="test_unknown_god_400" time="0.078" /><testcase classname="tests.test_deep_immersion.TestPrayerFlow" name="test_bad_character_404" time="0.078" /><testcase classname="tests.test_deep_immersion.TestPrayerFlow" name="test_unauthenticated_submit_rejected" time="0.217" /><testcase classname="tests.test_deep_immersion.TestPrayerHistory" name="test_active_blessings" time="0.112" /><testcase classname="tests.test_deep_immersion.TestPrayerHistory" name="test_character_history_sorted" time="0.082" /><testcase classname="tests.test_deep_immersion.TestPrayerHistory" name="test_history_other_character_404" time="0.087" /><testcase classname="tests.test_deep_immersion.TestPrayerHistory" name="test_recent_prayers_across_characters" time="0.076" /><testcase classname="tests.test_deep_immersion.TestTongueOfYros" name="test_state_shape" time="0.143" /><testcase classname="tests.test_deep_immersion.TestTongueOfYros" name="test_non_dwarf_attempt_silence" time="0.246" /><testcase classname="tests.test_deep_immersion.TestTongueOfYros" name="test_attempt_cooldown_409" time="0.087" /><testcase classname="tests.test_deep_immersion.TestTongueOfYros" name="test_attempt_history" time="0.079" /><testcase classname="tests.test_deep_immersion.TestTongueOfYros" name="test_attempt_bad_character_404" time="0.076" /><testcase classname="tests.test_deep_immersion.TestTongueOfYros" name="test_relinquish_non_bearer_409" time="0.090" /><testcase classname="tests.test_deep_immersion.TestImageBatch" name="test_survey" time="0.093" /><testcase classname="tests.test_deep_immersion.TestImageBatch" name="test_status" time="0.102" /><testcase classname="tests.test_deep_immersion.TestImageBatch" name="test_survey_requires_admin" time="0.344" /><testcase classname="tests.test_deep_immersion.TestSeeds" name="test_dhor_kuldor_canon_idempotent" time="0.220" /><testcase classname="tests.test_deep_immersion.TestSeeds" name="test_titan_sacred_sites" time="0.113" /><testcase classname="tests.test_deep_immersion.TestSeeds" name="test_seed_requires_admin" time="0.140" /><testcase classname="tests.test_deep_immersion.TestCanonLore" name="test_215_ae_in_quest_master" time="0.000" /><testcase classname="tests.test_deep_immersion.TestCanonLore" name="test_no_old_dhor_khuldor_slug" time="0.007" /></testsuite></testsuites>