<?xml version="1.0" encoding="utf-8"?><testsuites name="pytest tests"><testsuite name="pytest" errors="0" failures="0" skipped="0" tests="14" time="6.136" timestamp="2026-05-30T18:20:03.369773+00:00" hostname="agent-env-8318e6bc-d15f-4602-8ef3-9fb1219e7321"><testcase classname="tests.test_factions_round3.TestTreasury" name="test_treasury_initial_state" time="0.196" /><testcase classname="tests.test_factions_round3.TestTreasury" name="test_donate_requires_membership" time="0.711" /><testcase classname="tests.test_factions_round3.TestTreasury" name="test_donate_moves_gold_and_logs" time="0.256" /><testcase classname="tests.test_factions_round3.TestTreasury" name="test_donate_rejects_insufficient_funds" time="0.133" /><testcase classname="tests.test_factions_round3.TestQuests" name="test_create_requires_officer_plus" time="0.127" /><testcase classname="tests.test_factions_round3.TestQuests" name="test_full_quest_lifecycle" time="0.773" /><testcase classname="tests.test_factions_round3.TestQuests" name="test_nonmember_cannot_complete" time="0.183" /><testcase classname="tests.test_factions_round3.TestQuests" name="test_ai_generate_returns_quest" time="1.888" /><testcase classname="tests.test_factions_round3.TestQuests" name="test_officer_close_quest" time="0.321" /><testcase classname="tests.test_factions_round3.TestRivalries" name="test_declare_requires_leader" time="0.130" /><testcase classname="tests.test_factions_round3.TestRivalries" name="test_leader_declares_and_escalates" time="0.415" /><testcase classname="tests.test_factions_round3.TestRivalries" name="test_self_rivalry_rejected" time="0.130" /><testcase classname="tests.test_factions_round3.TestRivalries" name="test_crime_auto_escalates_rivalry_in_rival_home_nation" time="0.544" /><testcase classname="tests.test_factions_round3.TestRivalries" name="test_admin_rivalries_list" time="0.195" /></testsuite></testsuites>