<?xml version="1.0" encoding="utf-8"?><testsuites name="pytest tests"><testsuite name="pytest" errors="0" failures="1" skipped="0" tests="15" time="4.329" timestamp="2026-05-30T17:59:31.599412+00:00" hostname="agent-env-8318e6bc-d15f-4602-8ef3-9fb1219e7321"><testcase classname="backend.tests.test_factions_round2.TestReputation" name="test_reputation_initial_state_five_rows" time="0.218" /><testcase classname="backend.tests.test_factions_round2.TestReputation" name="test_admin_grant_and_history" time="0.692" /><testcase classname="backend.tests.test_factions_round2.TestReputation" name="test_reputation_clamps_positive_and_negative" time="0.567" /><testcase classname="backend.tests.test_factions_round2.TestReputation" name="test_grant_requires_admin" time="0.391" /><testcase classname="backend.tests.test_factions_round2.TestLawCrimeHook" name="test_character_crime_cascades_moderate_then_major" time="0.598"><failure message="AssertionError: PRD expects moderate→-15 BUT got -5. Root cause: law_service.SEVERITY_TIERS lacks 'moderate'; severity is normalized to 'minor' BEFORE apply_crime_to_faction runs.&#10;assert -5 == -15">backend/tests/test_factions_round2.py:231: in test_character_crime_cascades_moderate_then_major
    assert aig["score"] == -15, (
E   AssertionError: PRD expects moderate→-15 BUT got -5. Root cause: law_service.SEVERITY_TIERS lacks 'moderate'; severity is normalized to 'minor' BEFORE apply_crime_to_faction runs.
E   assert -5 == -15</failure></testcase><testcase classname="backend.tests.test_factions_round2.TestLawCrimeHook" name="test_character_major_crime_cascades_correctly" time="0.330" /><testcase classname="backend.tests.test_factions_round2.TestLawCrimeHook" name="test_npc_crime_does_not_cascade" time="0.235" /><testcase classname="backend.tests.test_factions_round2.TestFactionThreads" name="test_threads_list_is_public_and_strips_content" time="0.229" /><testcase classname="backend.tests.test_factions_round2.TestFactionThreads" name="test_get_full_thread_requires_auth" time="0.116" /><testcase classname="backend.tests.test_factions_round2.TestFactionThreads" name="test_nonmember_user_is_forbidden" time="0.051" /><testcase classname="backend.tests.test_factions_round2.TestFactionThreads" name="test_member_can_read_full_thread_with_replies" time="0.049" /><testcase classname="backend.tests.test_factions_round2.TestFactionThreads" name="test_thread_create_requires_membership" time="0.051" /><testcase classname="backend.tests.test_factions_round2.TestFactionThreads" name="test_reply_requires_membership_and_increments_count" time="0.222" /><testcase classname="backend.tests.test_factions_round2.TestFactionThreads" name="test_admin_override_can_view_thread_without_membership" time="0.056" /><testcase classname="backend.tests.test_factions_round2.TestSeedLeaders" name="test_seed_leaders_assigns_rank_and_leader_id" time="0.352" /></testsuite></testsuites>