<?xml version="1.0" encoding="utf-8"?><testsuites name="pytest tests"><testsuite name="pytest" errors="0" failures="0" skipped="0" tests="10" time="2.839" timestamp="2026-05-30T17:42:23.965006+00:00" hostname="agent-env-8318e6bc-d15f-4602-8ef3-9fb1219e7321"><testcase classname="backend.tests.test_factions.TestFactionPublicReads" name="test_list_factions" time="0.150" /><testcase classname="backend.tests.test_factions.TestFactionPublicReads" name="test_get_faction_detail" time="0.126" /><testcase classname="backend.tests.test_factions.TestFactionPublicReads" name="test_get_faction_404" time="0.144" /><testcase classname="backend.tests.test_factions.TestFactionPublicReads" name="test_list_members" time="0.116" /><testcase classname="backend.tests.test_factions.TestFactionPublicReads" name="test_ranks_endpoint" time="0.126" /><testcase classname="backend.tests.test_factions.TestMyMembership" name="test_my_membership_requires_auth" time="0.114" /><testcase classname="backend.tests.test_factions.TestMyMembership" name="test_my_membership_authed_returns_list" time="0.395" /><testcase classname="backend.tests.test_factions.TestJoinLeaveFlow" name="test_join_requires_auth" time="0.359" /><testcase classname="backend.tests.test_factions.TestJoinLeaveFlow" name="test_join_then_leave_happy_path" time="0.365" /><testcase classname="backend.tests.test_factions.TestRankChanges" name="test_promote_demote_chain_and_edges" time="0.795" /></testsuite></testsuites>