<?xml version="1.0" encoding="utf-8"?><testsuites name="pytest tests"><testsuite name="pytest" errors="0" failures="0" skipped="0" tests="8" time="391.173" timestamp="2026-08-21T14:49:33.644633+00:00" hostname="agent-env-8318e6bc-d15f-4602-8ef3-9fb1219e7321"><testcase classname="tests.test_image_batch.TestImageBatchStatus" name="test_status_running_and_generating" time="45.631" /><testcase classname="tests.test_image_batch.TestImageBatchStatus" name="test_failure_rate_low" time="22.844" /><testcase classname="tests.test_image_batch.TestImageBatchStatus" name="test_survey_progress" time="108.914" /><testcase classname="tests.test_image_batch.TestImageBatchStatus" name="test_status_requires_admin" time="22.383" /><testcase classname="tests.test_image_batch.TestPersistedArtwork" name="test_city_list_has_images" time="25.198" /><testcase classname="tests.test_image_batch.TestPersistedArtwork" name="test_city_detail_image_is_data_url_or_blob" time="108.199" /><testcase classname="tests.test_image_batch.TestRegressionUnderLoad" name="test_prayers_gods" time="35.589" /><testcase classname="tests.test_image_batch.TestRegressionUnderLoad" name="test_tongue_of_yros_state" time="22.347" /></testsuite></testsuites>