<?xml version="1.0" encoding="utf-8"?><testsuites name="pytest tests"><testsuite name="pytest" errors="0" failures="1" skipped="0" tests="32" time="656.125" timestamp="2026-08-21T18:38:23.602219+00:00" hostname="agent-env-8318e6bc-d15f-4602-8ef3-9fb1219e7321"><testcase classname="tests.test_iteration26_producers_trade_live.TestProducers" name="test_seed_idempotent" time="22.866" /><testcase classname="tests.test_iteration26_producers_trade_live.TestProducers" name="test_seed_requires_admin" time="0.653" /><testcase classname="tests.test_iteration26_producers_trade_live.TestProducers" name="test_tick" time="0.210" /><testcase classname="tests.test_iteration26_producers_trade_live.TestProducers" name="test_state" time="15.533" /><testcase classname="tests.test_iteration26_producers_trade_live.TestProducers" name="test_city_producers_read" time="15.288" /><testcase classname="tests.test_iteration26_producers_trade_live.TestProducers" name="test_owner_inventory_endpoint" time="25.497" /><testcase classname="tests.test_iteration26_producers_trade_live.TestProducers" name="test_tick_log" time="12.816" /><testcase classname="tests.test_iteration26_producers_trade_live.TestCharter" name="test_charter_success" time="53.630" /><testcase classname="tests.test_iteration26_producers_trade_live.TestCharter" name="test_charter_twice_unique_slug" time="35.806" /><testcase classname="tests.test_iteration26_producers_trade_live.TestCharter" name="test_charter_insufficient_gold" time="25.595" /><testcase classname="tests.test_iteration26_producers_trade_live.TestCharter" name="test_charter_null_currency_wallet" time="13.548"><failure message="AssertionError: 500 on null currency: Internal Server Error&#10;assert 500 != 500&#10; +  where 500 = &lt;Response [500]&gt;.status_code">E   AssertionError: 500 on null currency: Internal Server Error
    assert 500 != 500
     +  where 500 = &lt;Response [500]&gt;.status_code</failure></testcase><testcase classname="tests.test_iteration26_producers_trade_live.TestCharter" name="test_charter_foreign_character" time="13.924" /><testcase classname="tests.test_iteration26_producers_trade_live.TestCharter" name="test_charter_requires_auth" time="14.561" /><testcase classname="tests.test_iteration26_producers_trade_live.TestRoutes" name="test_add_route" time="40.965" /><testcase classname="tests.test_iteration26_producers_trade_live.TestRoutes" name="test_add_route_non_founder" time="15.247" /><testcase classname="tests.test_iteration26_producers_trade_live.TestRoutes" name="test_add_route_same_city" time="0.109" /><testcase classname="tests.test_iteration26_producers_trade_live.TestRoutes" name="test_add_route_unknown_good" time="9.742" /><testcase classname="tests.test_iteration26_producers_trade_live.TestRoutes" name="test_toggle_and_delete_route" time="43.322" /><testcase classname="tests.test_iteration26_producers_trade_live.TestRouteExecution" name="test_route_runs_and_profits" time="0.353" /><testcase classname="tests.test_iteration26_producers_trade_live.TestRouteExecution" name="test_route_skipped_when_no_stock" time="0.421" /><testcase classname="tests.test_iteration26_producers_trade_live.TestRouteExecution" name="test_ledgers_empty" time="0.066" /><testcase classname="tests.test_iteration26_producers_trade_live.TestShareholders" name="test_invest" time="17.893" /><testcase classname="tests.test_iteration26_producers_trade_live.TestShareholders" name="test_invest_below_minimum" time="0.112" /><testcase classname="tests.test_iteration26_producers_trade_live.TestShareholders" name="test_invest_more_than_wallet" time="12.435" /><testcase classname="tests.test_iteration26_producers_trade_live.TestShareholders" name="test_invest_foreign_character" time="29.039" /><testcase classname="tests.test_iteration26_producers_trade_live.TestDissolve" name="test_dissolve_non_founder" time="12.576" /><testcase classname="tests.test_iteration26_producers_trade_live.TestDissolve" name="test_dissolve_pays_out_proportionally" time="92.676" /><testcase classname="tests.test_iteration26_producers_trade_live.TestDissolve" name="test_dissolve_twice" time="13.739" /><testcase classname="tests.test_iteration26_producers_trade_live.TestDissolve" name="test_dissolved_company_not_in_active_list" time="36.760" /><testcase classname="tests.test_iteration26_producers_trade_live.TestDissolve" name="test_route_add_on_dissolved" time="24.394" /><testcase classname="tests.test_iteration26_producers_trade_live.TestDissolve" name="test_mine_endpoint" time="56.062" /><testcase classname="tests.test_iteration26_producers_trade_live.TestDissolve" name="test_get_unknown_company_404" time="0.155" /></testsuite></testsuites>