<?xml version="1.0" encoding="utf-8"?><testsuites name="pytest tests"><testsuite name="pytest" errors="0" failures="3" skipped="0" tests="32" time="594.690" timestamp="2026-08-21T18:14:35.680480+00:00" hostname="agent-env-8318e6bc-d15f-4602-8ef3-9fb1219e7321"><testcase classname="tests.test_iteration26_producers_trade_live.TestProducers" name="test_seed_idempotent" time="81.990"><failure message="AssertionError: &lt;!DOCTYPE html&gt;&#10;  &lt;!--[if lt IE 7]&gt; &lt;html class=&quot;no-js ie6 oldie&quot; lang=&quot;en-US&quot;&gt; &lt;![endif]--&gt;&#10;  &lt;!--[if IE 7]&gt;    &lt;html class=&quot;no-js ie7 oldie&quot; lang=&quot;en-US&quot;&gt; &lt;![endif]--&gt;&#10;  &lt;!--[if IE 8]&gt;    &lt;html class=&quot;no-js ie8 oldie&quot; lang=&quot;en-US&quot;&gt; &lt;![endif]--&gt;&#10;  &lt;!--[if gt IE 8]&gt;&lt;!--&gt; &lt;html class=&quot;no-js&quot; lang=&quot;en-US&quot;&gt; &lt;!&#10;assert 502 == 200&#10; +  where 502 = &lt;Response [502]&gt;.status_code">tests/test_iteration26_producers_trade_live.py:122: in test_seed_idempotent
    assert r1.status_code == 200, r1.text[:300]
E   AssertionError: &lt;!DOCTYPE html&gt;
E     &lt;!--[if lt IE 7]&gt; &lt;html class="no-js ie6 oldie" lang="en-US"&gt; &lt;![endif]--&gt;
E     &lt;!--[if IE 7]&gt;    &lt;html class="no-js ie7 oldie" lang="en-US"&gt; &lt;![endif]--&gt;
E     &lt;!--[if IE 8]&gt;    &lt;html class="no-js ie8 oldie" lang="en-US"&gt; &lt;![endif]--&gt;
E     &lt;!--[if gt IE 8]&gt;&lt;!--&gt; &lt;html class="no-js" lang="en-US"&gt; &lt;!
E   assert 502 == 200
E    +  where 502 = &lt;Response [502]&gt;.status_code</failure></testcase><testcase classname="tests.test_iteration26_producers_trade_live.TestProducers" name="test_seed_requires_admin" time="37.787" /><testcase classname="tests.test_iteration26_producers_trade_live.TestProducers" name="test_tick" time="25.561" /><testcase classname="tests.test_iteration26_producers_trade_live.TestProducers" name="test_state" time="14.534" /><testcase classname="tests.test_iteration26_producers_trade_live.TestProducers" name="test_city_producers_read" time="13.717" /><testcase classname="tests.test_iteration26_producers_trade_live.TestProducers" name="test_owner_inventory_endpoint" time="14.622" /><testcase classname="tests.test_iteration26_producers_trade_live.TestProducers" name="test_tick_log" time="0.260" /><testcase classname="tests.test_iteration26_producers_trade_live.TestCharter" name="test_charter_success" time="0.185" /><testcase classname="tests.test_iteration26_producers_trade_live.TestCharter" name="test_charter_twice_unique_slug" time="0.091" /><testcase classname="tests.test_iteration26_producers_trade_live.TestCharter" name="test_charter_insufficient_gold" time="0.094" /><testcase classname="tests.test_iteration26_producers_trade_live.TestCharter" name="test_charter_null_currency_wallet" time="0.078"><failure message="AssertionError: 500 on null currency: Internal Server Error&#10;assert 500 != 500&#10; +  where 500 = &lt;Response [500]&gt;.status_code">tests/test_iteration26_producers_trade_live.py:225: in test_charter_null_currency_wallet
    assert r.status_code != 500, f"500 on null currency: {r.text[:300]}"
E   AssertionError: 500 on null currency: Internal Server Error
E   assert 500 != 500
E    +  where 500 = &lt;Response [500]&gt;.status_code</failure></testcase><testcase classname="tests.test_iteration26_producers_trade_live.TestCharter" name="test_charter_foreign_character" time="0.215" /><testcase classname="tests.test_iteration26_producers_trade_live.TestCharter" name="test_charter_requires_auth" time="15.219" /><testcase classname="tests.test_iteration26_producers_trade_live.TestRoutes" name="test_add_route" time="12.991" /><testcase classname="tests.test_iteration26_producers_trade_live.TestRoutes" name="test_add_route_non_founder" time="15.045" /><testcase classname="tests.test_iteration26_producers_trade_live.TestRoutes" name="test_add_route_same_city" time="15.608" /><testcase classname="tests.test_iteration26_producers_trade_live.TestRoutes" name="test_add_route_unknown_good" time="14.768" /><testcase classname="tests.test_iteration26_producers_trade_live.TestRoutes" name="test_toggle_and_delete_route" time="118.875" /><testcase classname="tests.test_iteration26_producers_trade_live.TestRouteExecution" name="test_route_runs_and_profits" time="60.194"><failure message="AssertionError: &lt;!DOCTYPE html&gt;&#10;  &lt;!--[if lt IE 7]&gt; &lt;html class=&quot;no-js ie6 oldie&quot; lang=&quot;en-US&quot;&gt; &lt;![endif]--&gt;&#10;  &lt;!--[if IE 7]&gt;    &lt;html class=&quot;no-js ie7 oldie&quot; lang=&quot;en-US&quot;&gt; &lt;![endif]--&gt;&#10;  &lt;!--[if IE 8]&gt;    &lt;html class=&quot;no-js ie8 oldie&quot; lang=&quot;en-US&quot;&gt; &lt;![endif]--&gt;&#10;  &lt;!--[if gt IE 8]&gt;&lt;!--&gt; &lt;html class=&quot;no-js&quot; lang=&quot;en-US&quot;&gt; &lt;!&#10;assert 502 == 200&#10; +  where 502 = &lt;Response [502]&gt;.status_code">tests/test_iteration26_producers_trade_live.py:331: in test_route_runs_and_profits
    assert r.status_code == 200, r.text[:300]
E   AssertionError: &lt;!DOCTYPE html&gt;
E     &lt;!--[if lt IE 7]&gt; &lt;html class="no-js ie6 oldie" lang="en-US"&gt; &lt;![endif]--&gt;
E     &lt;!--[if IE 7]&gt;    &lt;html class="no-js ie7 oldie" lang="en-US"&gt; &lt;![endif]--&gt;
E     &lt;!--[if IE 8]&gt;    &lt;html class="no-js ie8 oldie" lang="en-US"&gt; &lt;![endif]--&gt;
E     &lt;!--[if gt IE 8]&gt;&lt;!--&gt; &lt;html class="no-js" lang="en-US"&gt; &lt;!
E   assert 502 == 200
E    +  where 502 = &lt;Response [502]&gt;.status_code</failure></testcase><testcase classname="tests.test_iteration26_producers_trade_live.TestRouteExecution" name="test_route_skipped_when_no_stock" time="84.544" /><testcase classname="tests.test_iteration26_producers_trade_live.TestRouteExecution" name="test_ledgers_empty" time="0.089" /><testcase classname="tests.test_iteration26_producers_trade_live.TestShareholders" name="test_invest" time="26.584" /><testcase classname="tests.test_iteration26_producers_trade_live.TestShareholders" name="test_invest_below_minimum" time="0.091" /><testcase classname="tests.test_iteration26_producers_trade_live.TestShareholders" name="test_invest_more_than_wallet" time="0.099" /><testcase classname="tests.test_iteration26_producers_trade_live.TestShareholders" name="test_invest_foreign_character" time="0.087" /><testcase classname="tests.test_iteration26_producers_trade_live.TestDissolve" name="test_dissolve_non_founder" time="0.082" /><testcase classname="tests.test_iteration26_producers_trade_live.TestDissolve" name="test_dissolve_pays_out_proportionally" time="0.484" /><testcase classname="tests.test_iteration26_producers_trade_live.TestDissolve" name="test_dissolve_twice" time="0.087" /><testcase classname="tests.test_iteration26_producers_trade_live.TestDissolve" name="test_dissolved_company_not_in_active_list" time="0.173" /><testcase classname="tests.test_iteration26_producers_trade_live.TestDissolve" name="test_route_add_on_dissolved" time="0.076" /><testcase classname="tests.test_iteration26_producers_trade_live.TestDissolve" name="test_mine_endpoint" time="28.440" /><testcase classname="tests.test_iteration26_producers_trade_live.TestDissolve" name="test_get_unknown_company_404" time="11.842" /></testsuite></testsuites>