<?xml version="1.0" encoding="utf-8"?><testsuites name="pytest tests"><testsuite name="pytest" errors="0" failures="0" skipped="0" tests="16" time="0.113" timestamp="2026-06-13T23:49:01.877879+00:00" hostname="agent-env-8318e6bc-d15f-4602-8ef3-9fb1219e7321"><testcase classname="tests.test_economy" name="test_seed_canonical_goods_inserts_all_then_skips" time="0.001" /><testcase classname="tests.test_economy" name="test_seed_starter_specialties_writes_offerings" time="0.001" /><testcase classname="tests.test_economy" name="test_upsert_specialty_records_cost_history" time="0.001" /><testcase classname="tests.test_economy" name="test_upsert_specialty_no_change_no_history" time="0.001" /><testcase classname="tests.test_economy" name="test_remove_specialty_purges_row" time="0.001" /><testcase classname="tests.test_economy" name="test_create_contract_propagates_import_price" time="0.001" /><testcase classname="tests.test_economy" name="test_base_cost_change_cascades_to_city_price" time="0.001" /><testcase classname="tests.test_economy" name="test_break_contract_marks_good_unavailable" time="0.001" /><testcase classname="tests.test_economy" name="test_create_contract_fails_if_faction_doesnt_produce_good" time="0.001" /><testcase classname="tests.test_economy" name="test_compute_retail_price_static" time="0.000" /><testcase classname="tests.test_economy" name="test_resolve_item_auto_price_returns_none_without_market" time="0.001" /><testcase classname="tests.test_economy" name="test_resolve_item_auto_price_returns_chained_price" time="0.001" /><testcase classname="tests.test_economy" name="test_top_movers_orders_by_abs_delta" time="0.001" /><testcase classname="tests.test_economy" name="test_broken_routes_returns_only_broken" time="0.001" /><testcase classname="tests.test_economy" name="test_goods_affected_by_event_filters_by_tags" time="0.001" /><testcase classname="tests.test_economy" name="test_unknown_event_returns_empty" time="0.001" /></testsuite></testsuites>