<?xml version="1.0" encoding="utf-8"?><testsuites name="pytest tests"><testsuite name="pytest" errors="0" failures="0" skipped="0" tests="34" time="3.174" timestamp="2026-08-21T15:43:43.934753+00:00" hostname="agent-env-8318e6bc-d15f-4602-8ef3-9fb1219e7321"><testcase classname="tests.test_image_batch_durability" name="test_missing_query_treats_image_id_as_has_image" time="0.001" /><testcase classname="tests.test_image_batch_durability" name="test_resume_if_needed_no_prior_state_returns_not_resumed" time="0.000" /><testcase classname="tests.test_image_batch_durability" name="test_resume_if_needed_skips_when_prior_completed_cleanly" time="0.000" /><testcase classname="tests.test_image_batch_durability" name="test_resume_if_needed_re_kicks_when_orphaned" time="0.001" /><testcase classname="tests.test_image_batch_durability" name="test_resume_if_needed_skips_when_nothing_left_to_do" time="0.001" /><testcase classname="tests.test_image_batch_durability" name="test_persist_state_upserts_singleton" time="0.001" /><testcase classname="tests.test_image_batch_durability" name="test_restore_from_never_inherits_is_running" time="0.000" /><testcase classname="tests.test_prayer_service" name="test_list_gods_returns_four_canonical_gods" time="0.000" /><testcase classname="tests.test_prayer_service" name="test_race_match_seren_loves_elves" time="0.000" /><testcase classname="tests.test_prayer_service" name="test_race_match_yros_loves_dwarves" time="0.000" /><testcase classname="tests.test_prayer_service" name="test_race_match_ehena_is_universal_no_race_bias" time="0.000" /><testcase classname="tests.test_prayer_service" name="test_canonical_god_palette_contains_voice_keys" time="0.000" /><testcase classname="tests.test_prayer_service" name="test_submit_prayer_persists_and_returns_record" time="0.000" /><testcase classname="tests.test_prayer_service" name="test_cooldown_enforces_24h_per_god" time="0.001" /><testcase classname="tests.test_prayer_service" name="test_cooldown_is_per_god_not_global" time="0.000" /><testcase classname="tests.test_prayer_service" name="test_existing_blessing_flag_passed_for_downgrade" time="0.000" /><testcase classname="tests.test_prayer_service" name="test_get_active_blessings_excludes_expired" time="0.000" /><testcase classname="tests.test_prayer_service" name="test_validation_rejects_short_prayer" time="0.000" /><testcase classname="tests.test_prayer_service" name="test_validation_rejects_unknown_god" time="0.000" /><testcase classname="tests.test_seed_all_realms_canon" name="test_all_five_realms_present" time="0.000" /><testcase classname="tests.test_seed_all_realms_canon" name="test_every_realm_has_at_least_one_capital" time="0.000" /><testcase classname="tests.test_seed_all_realms_canon" name="test_ammeonon_capital_is_wymroost" time="0.000" /><testcase classname="tests.test_seed_all_realms_canon" name="test_selindori_capital_is_aurelion_spires" time="0.000" /><testcase classname="tests.test_seed_all_realms_canon" name="test_dhor_kuldor_capital_is_ancestor_hall" time="0.000" /><testcase classname="tests.test_seed_all_realms_canon" name="test_aigraels_has_three_triumvirate_faction_cities" time="0.000" /><testcase classname="tests.test_seed_all_realms_canon" name="test_veiled_realms_has_three_sub_race_capitals" time="0.000" /><testcase classname="tests.test_seed_all_realms_canon" name="test_seed_is_idempotent" time="0.001" /><testcase classname="tests.test_seed_all_realms_canon" name="test_every_titan_site_target_is_in_the_canon_seed" time="0.000" /><testcase classname="tests.test_seed_all_realms_canon" name="test_canon_covers_all_elven_school_home_realms" time="0.000" /><testcase classname="tests.test_iteration25_regression_live" name="test_prayers_gods_returns_four_gods" time="0.406" /><testcase classname="tests.test_iteration25_regression_live" name="test_tongue_of_yros_state" time="0.078" /><testcase classname="tests.test_iteration25_regression_live" name="test_admin_login_returns_jwt" time="0.307" /><testcase classname="tests.test_iteration25_regression_live" name="test_admin_login_wrong_password_rejected" time="0.316" /><testcase classname="tests.test_iteration25_regression_live" name="test_image_batch_status_requires_auth_and_reports_state" time="0.394" /></testsuite></testsuites>