<?xml version="1.0" encoding="utf-8"?><testsuites name="pytest tests"><testsuite name="pytest" errors="0" failures="4" skipped="0" tests="32" time="712.086" timestamp="2026-08-21T18:05:23.617677+00:00" hostname="agent-env-8318e6bc-d15f-4602-8ef3-9fb1219e7321"><testcase classname="tests.test_iteration26_producers_trade_live.TestProducers" name="test_seed_idempotent" time="58.737" /><testcase classname="tests.test_iteration26_producers_trade_live.TestProducers" name="test_seed_requires_admin" time="1.109" /><testcase classname="tests.test_iteration26_producers_trade_live.TestProducers" name="test_tick" time="60.113"><failure message="AssertionError: &lt;!DOCTYPE html&gt;&#10;  &lt;!--[if lt IE 7]&gt; &lt;html class=&quot;no-js ie6 oldie&quot; lang=&quot;en-US&quot;&gt; &lt;![endif]--&gt;&#10;  &lt;!--[if IE 7]&gt;    &lt;html class=&quot;no-js ie7 oldie&quot; lang=&quot;en-US&quot;&gt; &lt;![endif]--&gt;&#10;  &lt;!--[if IE 8]&gt;    &lt;html class=&quot;no-js ie8 oldie&quot; lang=&quot;en-US&quot;&gt; &lt;![endif]--&gt;&#10;  &lt;!--[if gt IE 8]&gt;&lt;!--&gt; &lt;html class=&quot;no-js&quot; lang=&quot;en-US&quot;&gt; &lt;!&#10;assert 502 == 200&#10; +  where 502 = &lt;Response [502]&gt;.status_code">tests/test_iteration26_producers_trade_live.py:137: in test_tick
    assert r.status_code == 200, r.text[:300]
E   AssertionError: &lt;!DOCTYPE html&gt;
E     &lt;!--[if lt IE 7]&gt; &lt;html class="no-js ie6 oldie" lang="en-US"&gt; &lt;![endif]--&gt;
E     &lt;!--[if IE 7]&gt;    &lt;html class="no-js ie7 oldie" lang="en-US"&gt; &lt;![endif]--&gt;
E     &lt;!--[if IE 8]&gt;    &lt;html class="no-js ie8 oldie" lang="en-US"&gt; &lt;![endif]--&gt;
E     &lt;!--[if gt IE 8]&gt;&lt;!--&gt; &lt;html class="no-js" lang="en-US"&gt; &lt;!
E   assert 502 == 200
E    +  where 502 = &lt;Response [502]&gt;.status_code</failure></testcase><testcase classname="tests.test_iteration26_producers_trade_live.TestProducers" name="test_state" time="10.213" /><testcase classname="tests.test_iteration26_producers_trade_live.TestProducers" name="test_city_producers_read" time="25.986" /><testcase classname="tests.test_iteration26_producers_trade_live.TestProducers" name="test_owner_inventory_endpoint" time="28.183" /><testcase classname="tests.test_iteration26_producers_trade_live.TestProducers" name="test_tick_log" time="25.514" /><testcase classname="tests.test_iteration26_producers_trade_live.TestCharter" name="test_charter_success" time="37.255" /><testcase classname="tests.test_iteration26_producers_trade_live.TestCharter" name="test_charter_twice_unique_slug" time="60.121"><failure message="AssertionError: &lt;!DOCTYPE html&gt;&#10;  &lt;!--[if lt IE 7]&gt; &lt;html class=&quot;no-js ie6 oldie&quot; lang=&quot;en-US&quot;&gt; &lt;![endif]--&gt;&#10;  &lt;!--[if IE 7]&gt;    &lt;html class=&quot;no-js ie7 oldie&quot; lang=&quot;en-US&quot;&gt; &lt;![endif]--&gt;&#10;  &lt;!--[if IE 8]&gt;    &lt;html class=&quot;no-js ie8 oldie&quot; lang=&quot;en-US&quot;&gt; &lt;![endif]--&gt;&#10;  &lt;!--[if gt IE 8]&gt;&lt;!--&gt; &lt;html class=&quot;no-js&quot; lang=&quot;en-US&quot;&gt; &lt;!&#10;assert 502 == 200&#10; +  where 502 = &lt;Response [502]&gt;.status_code">tests/test_iteration26_producers_trade_live.py:205: in test_charter_twice_unique_slug
    assert r.status_code == 200, r.text[:300]
E   AssertionError: &lt;!DOCTYPE html&gt;
E     &lt;!--[if lt IE 7]&gt; &lt;html class="no-js ie6 oldie" lang="en-US"&gt; &lt;![endif]--&gt;
E     &lt;!--[if IE 7]&gt;    &lt;html class="no-js ie7 oldie" lang="en-US"&gt; &lt;![endif]--&gt;
E     &lt;!--[if IE 8]&gt;    &lt;html class="no-js ie8 oldie" lang="en-US"&gt; &lt;![endif]--&gt;
E     &lt;!--[if gt IE 8]&gt;&lt;!--&gt; &lt;html class="no-js" lang="en-US"&gt; &lt;!
E   assert 502 == 200
E    +  where 502 = &lt;Response [502]&gt;.status_code</failure></testcase><testcase classname="tests.test_iteration26_producers_trade_live.TestCharter" name="test_charter_insufficient_gold" time="19.120" /><testcase classname="tests.test_iteration26_producers_trade_live.TestCharter" name="test_charter_null_currency_wallet" time="15.960"><failure message="AssertionError: 500 on null currency: Internal Server Error&#10;assert 500 != 500&#10; +  where 500 = &lt;Response [500]&gt;.status_code">tests/test_iteration26_producers_trade_live.py:225: in test_charter_null_currency_wallet
    assert r.status_code != 500, f"500 on null currency: {r.text[:300]}"
E   AssertionError: 500 on null currency: Internal Server Error
E   assert 500 != 500
E    +  where 500 = &lt;Response [500]&gt;.status_code</failure></testcase><testcase classname="tests.test_iteration26_producers_trade_live.TestCharter" name="test_charter_foreign_character" time="26.565" /><testcase classname="tests.test_iteration26_producers_trade_live.TestCharter" name="test_charter_requires_auth" time="12.554" /><testcase classname="tests.test_iteration26_producers_trade_live.TestRoutes" name="test_add_route" time="12.711" /><testcase classname="tests.test_iteration26_producers_trade_live.TestRoutes" name="test_add_route_non_founder" time="14.795" /><testcase classname="tests.test_iteration26_producers_trade_live.TestRoutes" name="test_add_route_same_city" time="0.073" /><testcase classname="tests.test_iteration26_producers_trade_live.TestRoutes" name="test_add_route_unknown_good" time="0.065" /><testcase classname="tests.test_iteration26_producers_trade_live.TestRoutes" name="test_toggle_and_delete_route" time="0.491" /><testcase classname="tests.test_iteration26_producers_trade_live.TestRouteExecution" name="test_route_runs_and_profits" time="0.379" /><testcase classname="tests.test_iteration26_producers_trade_live.TestRouteExecution" name="test_route_skipped_when_no_stock" time="0.000"><failure message="KeyError: 'company_b'">tests/test_iteration26_producers_trade_live.py:346: in test_route_skipped_when_no_stock
    cid = STATE["company_b"]
          ^^^^^^^^^^^^^^^^^^
E   KeyError: 'company_b'</failure></testcase><testcase classname="tests.test_iteration26_producers_trade_live.TestRouteExecution" name="test_ledgers_empty" time="0.062" /><testcase classname="tests.test_iteration26_producers_trade_live.TestShareholders" name="test_invest" time="17.820" /><testcase classname="tests.test_iteration26_producers_trade_live.TestShareholders" name="test_invest_below_minimum" time="13.123" /><testcase classname="tests.test_iteration26_producers_trade_live.TestShareholders" name="test_invest_more_than_wallet" time="24.944" /><testcase classname="tests.test_iteration26_producers_trade_live.TestShareholders" name="test_invest_foreign_character" time="14.596" /><testcase classname="tests.test_iteration26_producers_trade_live.TestDissolve" name="test_dissolve_non_founder" time="14.641" /><testcase classname="tests.test_iteration26_producers_trade_live.TestDissolve" name="test_dissolve_pays_out_proportionally" time="102.230" /><testcase classname="tests.test_iteration26_producers_trade_live.TestDissolve" name="test_dissolve_twice" time="24.194" /><testcase classname="tests.test_iteration26_producers_trade_live.TestDissolve" name="test_dissolved_company_not_in_active_list" time="50.236" /><testcase classname="tests.test_iteration26_producers_trade_live.TestDissolve" name="test_route_add_on_dissolved" time="12.528" /><testcase classname="tests.test_iteration26_producers_trade_live.TestDissolve" name="test_mine_endpoint" time="12.969" /><testcase classname="tests.test_iteration26_producers_trade_live.TestDissolve" name="test_get_unknown_company_404" time="14.615" /></testsuite></testsuites>