<?xml version="1.0" encoding="utf-8"?><testsuites name="pytest tests"><testsuite name="pytest" errors="0" failures="0" skipped="0" tests="6" time="0.267" timestamp="2026-06-14T21:33:20.713008+00:00" hostname="agent-env-8318e6bc-d15f-4602-8ef3-9fb1219e7321"><testcase classname="tests.test_economy_diplomacy_hook" name="test_threshold_constant_is_50" time="0.000" /><testcase classname="tests.test_economy_diplomacy_hook" name="test_no_break_when_below_threshold" time="0.001" /><testcase classname="tests.test_economy_diplomacy_hook" name="test_break_when_freshly_crossing_threshold" time="0.001" /><testcase classname="tests.test_economy_diplomacy_hook" name="test_no_repeat_break_within_hostile_band" time="0.001" /><testcase classname="tests.test_economy_diplomacy_hook" name="test_break_works_bidirectionally" time="0.001" /><testcase classname="tests.test_economy_diplomacy_hook" name="test_break_does_not_touch_unrelated_contracts" time="0.001" /></testsuite></testsuites>