<?xml version="1.0" encoding="utf-8"?><testsuites name="pytest tests"><testsuite name="pytest" errors="0" failures="0" skipped="0" tests="6" time="1.194" timestamp="2026-08-23T00:31:45.564118+00:00" hostname="agent-env-ecc401ff-f5bc-4a0f-8257-9afc9b925a59"><testcase classname="tests.test_continue_dashboard.TestContinuePopulated" name="test_returns_200_and_shape" time="0.427" /><testcase classname="tests.test_continue_dashboard.TestContinuePopulated" name="test_last_scene_fields" time="0.047" /><testcase classname="tests.test_continue_dashboard.TestContinuePopulated" name="test_active_party_fields" time="0.046" /><testcase classname="tests.test_continue_dashboard.TestContinuePopulated" name="test_party_id_resolvable" time="0.109" /><testcase classname="tests.test_continue_dashboard.TestContinueEmpty" name="test_returns_nulls_for_new_user" time="0.318" /><testcase classname="tests.test_continue_dashboard" name="test_requires_auth" time="0.193" /></testsuite></testsuites>