<?xml version="1.0" encoding="utf-8"?><testsuites name="pytest tests"><testsuite name="pytest" errors="0" failures="1" skipped="0" tests="41" time="548.606" timestamp="2026-08-21T15:27:05.634937+00:00" hostname="agent-env-8318e6bc-d15f-4602-8ef3-9fb1219e7321"><testcase classname="tests.test_iteration24_regression_live" name="test_login_returns_token_and_user" time="20.714" /><testcase classname="tests.test_iteration24_regression_live" name="test_prayers_gods_returns_four_gods" time="12.812" /><testcase classname="tests.test_iteration24_regression_live" name="test_tongue_of_yros_state" time="21.757" /><testcase classname="tests.test_iteration24_regression_live" name="test_prayer_submit_with_owned_elf_character" time="164.765"><failure message="AssertionError: unexpected 409: {&quot;detail&quot;:&quot;You have already prayed to Seren recently. Try again in 23h 59m.&quot;}&#10;assert (&lt;Response [409]&gt; is not None and 409 == 200)&#10; +  where 409 = &lt;Response [409]&gt;.status_code">client = &lt;requests.sessions.Session object at 0xfb4fd2761f50&gt;
creds = {'email': 'craftnn1222@gmail.com', 'password': 'admin123'}

    def test_prayer_submit_with_owned_elf_character(client, creds):
        """Pick the admin's elf character straight from Mongo (the /api/characters
        list payload is huge and drops connections while the image batch runs)."""
        from pymongo import MongoClient
        from dotenv import dotenv_values as _dv
        env = _dv("/app/backend/.env")
        mdb = MongoClient(env["MONGO_URL"])[env["DB_NAME"]]
        user = mdb.users.find_one({"email": creds["email"]})
        assert user, "admin user not found in Mongo"
        char = mdb.characters.find_one({
            "user_id": user["id"],
            "race": {"$regex": "elf", "$options": "i"},
        })
        if not char:
            pytest.skip("admin owns no elf character")
        mdb.prayers.delete_many({"character_id": char["id"], "god": "seren"})
        body = {
            "character_id": char["id"],
            "god": "seren",
            "prayer_text": (
                "Mother Seren, I kneel among the roots and ask nothing for myself. "
                "Let the wounded of my village mend and the green return to our orchards."
            ),
        }
        import time as _t
        r = None
        for _ in range(3):
            # 502s here are ingress gateway timeouts caused by the running image
            # batch saturating the event loop — retry before failing.
            mdb.prayers.delete_many({"character_id": char["id"], "god": "seren"})
            try:
                r = client.post(f"{BASE_URL}/api/prayers/submit", json=body, timeout=TIMEOUT)
                if r.status_code == 200:
                    break
            except requests.RequestException:
                r = None
            _t.sleep(5)
&gt;       assert r is not None and r.status_code == 200, \
            f"unexpected {getattr(r, 'status_code', 'exception')}: {getattr(r, 'text', '')[:300]}"
E       AssertionError: unexpected 409: {"detail":"You have already prayed to Seren recently. Try again in 23h 59m."}
E       assert (&lt;Response [409]&gt; is not None and 409 == 200)
E        +  where 409 = &lt;Response [409]&gt;.status_code

tests/test_iteration24_regression_live.py:123: AssertionError</failure></testcase><testcase classname="tests.test_image_batch_durability" name="test_missing_query_treats_image_id_as_has_image" time="0.001" /><testcase classname="tests.test_image_batch_durability" name="test_resume_if_needed_no_prior_state_returns_not_resumed" time="0.000" /><testcase classname="tests.test_image_batch_durability" name="test_resume_if_needed_skips_when_prior_completed_cleanly" time="0.000" /><testcase classname="tests.test_image_batch_durability" name="test_resume_if_needed_re_kicks_when_orphaned" time="0.001" /><testcase classname="tests.test_image_batch_durability" name="test_resume_if_needed_skips_when_nothing_left_to_do" time="0.001" /><testcase classname="tests.test_image_batch_durability" name="test_persist_state_upserts_singleton" time="0.001" /><testcase classname="tests.test_image_batch_durability" name="test_restore_from_never_inherits_is_running" time="0.000" /><testcase classname="tests.test_prayer_service" name="test_list_gods_returns_four_canonical_gods" time="0.000" /><testcase classname="tests.test_prayer_service" name="test_race_match_seren_loves_elves" time="0.000" /><testcase classname="tests.test_prayer_service" name="test_race_match_yros_loves_dwarves" time="0.000" /><testcase classname="tests.test_prayer_service" name="test_race_match_ehena_is_universal_no_race_bias" time="0.000" /><testcase classname="tests.test_prayer_service" name="test_canonical_god_palette_contains_voice_keys" time="0.000" /><testcase classname="tests.test_prayer_service" name="test_submit_prayer_persists_and_returns_record" time="0.000" /><testcase classname="tests.test_prayer_service" name="test_cooldown_enforces_24h_per_god" time="0.000" /><testcase classname="tests.test_prayer_service" name="test_cooldown_is_per_god_not_global" time="0.000" /><testcase classname="tests.test_prayer_service" name="test_existing_blessing_flag_passed_for_downgrade" time="0.000" /><testcase classname="tests.test_prayer_service" name="test_get_active_blessings_excludes_expired" time="0.000" /><testcase classname="tests.test_prayer_service" name="test_validation_rejects_short_prayer" time="0.000" /><testcase classname="tests.test_prayer_service" name="test_validation_rejects_unknown_god" time="0.000" /><testcase classname="tests.test_seed_all_realms_canon" name="test_all_five_realms_present" time="0.000" /><testcase classname="tests.test_seed_all_realms_canon" name="test_every_realm_has_at_least_one_capital" time="0.000" /><testcase classname="tests.test_seed_all_realms_canon" name="test_ammeonon_capital_is_wymroost" time="0.000" /><testcase classname="tests.test_seed_all_realms_canon" name="test_selindori_capital_is_aurelion_spires" time="0.000" /><testcase classname="tests.test_seed_all_realms_canon" name="test_dhor_kuldor_capital_is_ancestor_hall" time="0.000" /><testcase classname="tests.test_seed_all_realms_canon" name="test_aigraels_has_three_triumvirate_faction_cities" time="0.000" /><testcase classname="tests.test_seed_all_realms_canon" name="test_veiled_realms_has_three_sub_race_capitals" time="0.000" /><testcase classname="tests.test_seed_all_realms_canon" name="test_seed_is_idempotent" time="0.001" /><testcase classname="tests.test_seed_all_realms_canon" name="test_every_titan_site_target_is_in_the_canon_seed" time="0.001" /><testcase classname="tests.test_seed_all_realms_canon" name="test_canon_covers_all_elven_school_home_realms" time="0.000" /><testcase classname="tests.test_image_batch.TestImageBatchStatus" name="test_status_running_and_generating" time="52.969" /><testcase classname="tests.test_image_batch.TestImageBatchStatus" name="test_failure_rate_low" time="12.690" /><testcase classname="tests.test_image_batch.TestImageBatchStatus" name="test_survey_progress" time="103.251" /><testcase classname="tests.test_image_batch.TestImageBatchStatus" name="test_status_requires_admin" time="17.337" /><testcase classname="tests.test_image_batch.TestPersistedArtwork" name="test_city_list_has_images" time="33.882" /><testcase classname="tests.test_image_batch.TestPersistedArtwork" name="test_city_detail_image_is_data_url_or_blob" time="68.840" /><testcase classname="tests.test_image_batch.TestRegressionUnderLoad" name="test_prayers_gods" time="19.059" /><testcase classname="tests.test_image_batch.TestRegressionUnderLoad" name="test_tongue_of_yros_state" time="18.725" /></testsuite></testsuites>