<?xml version="1.0" encoding="utf-8"?><testsuites name="pytest tests"><testsuite name="pytest" errors="0" failures="0" skipped="0" tests="10" time="1.840" timestamp="2026-06-14T00:15:26.015664+00:00" hostname="agent-env-8318e6bc-d15f-4602-8ef3-9fb1219e7321"><testcase classname="tests.test_economy_p1" name="test_auto_price_returns_cascaded_retail_price" time="0.171" /><testcase classname="tests.test_economy_p1" name="test_auto_price_400_when_no_contract" time="0.001" /><testcase classname="tests.test_economy_p1" name="test_auto_price_400_when_missing_fields" time="0.000" /><testcase classname="tests.test_economy_p1" name="test_auto_price_uses_shop_nation_fallback" time="0.001" /><testcase classname="tests.test_economy_p1" name="test_offered_good_body_validates" time="0.007" /><testcase classname="tests.test_economy_p1" name="test_offered_good_body_rejects_invalid_base_cost" time="0.000" /><testcase classname="tests.test_economy_p1" name="test_charter_offered_goods_capped_at_8" time="0.000" /><testcase classname="tests.test_economy_p1" name="test_post_caravan_body_validates" time="1.552" /><testcase classname="tests.test_economy_p1" name="test_post_caravan_body_clamps_expires" time="0.000" /><testcase classname="tests.test_economy_p1" name="test_complete_caravan_default_success" time="0.000" /></testsuite></testsuites>