<?xml version="1.0" encoding="utf-8"?><testsuites name="pytest tests"><testsuite name="pytest" errors="0" failures="0" skipped="0" tests="14" time="1.775" timestamp="2026-08-23T03:27:07.786638+00:00" hostname="agent-env-ecc401ff-f5bc-4a0f-8257-9afc9b925a59"><testcase classname="backend.tests.test_iter37_contract_manager_alerts.TestFactionContracts" name="test_list_faction_contracts_public" time="0.253" /><testcase classname="backend.tests.test_iter37_contract_manager_alerts.TestFactionContracts" name="test_admin_can_create_and_break_any_faction_contract" time="0.545" /><testcase classname="backend.tests.test_iter37_contract_manager_alerts.TestFactionContracts" name="test_non_leader_cannot_create_contract" time="0.383" /><testcase classname="backend.tests.test_iter37_contract_manager_alerts.TestFactionContracts" name="test_create_contract_slug_mismatch_rejected" time="0.046" /><testcase classname="backend.tests.test_iter37_contract_manager_alerts.TestShopAlerts" name="test_owner_can_read_alerts" time="0.056" /><testcase classname="backend.tests.test_iter37_contract_manager_alerts.TestShopAlerts" name="test_non_owner_gets_403" time="0.048" /><testcase classname="backend.tests.test_iter37_contract_manager_alerts.TestShopAlerts" name="test_unknown_shop_404" time="0.049" /><testcase classname="backend.tests.test_iter37_contract_manager_alerts.TestShopAlerts" name="test_unauth_gets_401" time="0.102" /><testcase classname="backend.tests.test_iter37_contract_manager_alerts.TestShopAlerts" name="test_dismiss_and_reread_empty" time="0.223" /><testcase classname="backend.tests.test_iter37_contract_manager_alerts.TestRestockCostMath" name="test_ceil_20pct_math[100-5-100]" time="0.000" /><testcase classname="backend.tests.test_iter37_contract_manager_alerts.TestRestockCostMath" name="test_ceil_20pct_math[25-4-20]" time="0.000" /><testcase classname="backend.tests.test_iter37_contract_manager_alerts.TestRestockCostMath" name="test_ceil_20pct_math[3-3-3]" time="0.000" /><testcase classname="backend.tests.test_iter37_contract_manager_alerts.TestRestockCostMath" name="test_ceil_20pct_math[7-2-4]" time="0.000" /><testcase classname="backend.tests.test_iter37_contract_manager_alerts.TestRestockCostMath" name="test_ceil_20pct_math[0-10-0]" time="0.002" /></testsuite></testsuites>