<?xml version="1.0" encoding="utf-8"?><testsuites name="pytest tests"><testsuite name="pytest" errors="0" failures="0" skipped="0" tests="23" time="4.731" timestamp="2026-08-23T05:03:41.492927+00:00" hostname="agent-env-ecc401ff-f5bc-4a0f-8257-9afc9b925a59"><testcase classname="backend.tests.test_iter38_owner_payouts_employees.TestEmployeeListAuth" name="test_list_employees_owner_ok" time="0.549" /><testcase classname="backend.tests.test_iter38_owner_payouts_employees.TestEmployeeListAuth" name="test_list_employees_non_owner_403" time="0.433" /><testcase classname="backend.tests.test_iter38_owner_payouts_employees.TestEmployeeListAuth" name="test_list_employees_unauth_401" time="0.100" /><testcase classname="backend.tests.test_iter38_owner_payouts_employees.TestEmployeeListAuth" name="test_list_employees_unknown_shop_404" time="0.129" /><testcase classname="backend.tests.test_iter38_owner_payouts_employees.TestHireNpc" name="test_hire_npc_success" time="0.323" /><testcase classname="backend.tests.test_iter38_owner_payouts_employees.TestHireNpc" name="test_hire_unknown_role_400" time="0.110" /><testcase classname="backend.tests.test_iter38_owner_payouts_employees.TestHirePlayerErrors" name="test_hire_player_unknown_username_404" time="0.105" /><testcase classname="backend.tests.test_iter38_owner_payouts_employees.TestHirePlayerErrors" name="test_hire_self_400" time="0.256" /><testcase classname="backend.tests.test_iter38_owner_payouts_employees.TestHirePlayerErrors" name="test_hire_missing_username_400" time="0.102" /><testcase classname="backend.tests.test_iter38_owner_payouts_employees.TestHirePlayerSuccessAndDup" name="test_hire_player_success_case_insensitive" time="0.341" /><testcase classname="backend.tests.test_iter38_owner_payouts_employees.TestHirePlayerSuccessAndDup" name="test_duplicate_player_hire_400" time="0.100" /><testcase classname="backend.tests.test_iter38_owner_payouts_employees.TestHirePlayerSuccessAndDup" name="test_fire_employee" time="0.257" /><testcase classname="backend.tests.test_iter38_owner_payouts_employees.TestHirePlayerSuccessAndDup" name="test_fire_unknown_employee_404" time="0.200" /><testcase classname="backend.tests.test_iter38_owner_payouts_employees.TestMaxEmployeeCap" name="test_max_employee_cap_400" time="0.613" /><testcase classname="backend.tests.test_iter38_owner_payouts_employees.TestShopLedger" name="test_ledger_owner_success" time="0.101" /><testcase classname="backend.tests.test_iter38_owner_payouts_employees.TestShopLedger" name="test_ledger_non_owner_403" time="0.104" /><testcase classname="backend.tests.test_iter38_owner_payouts_employees.TestShopLedger" name="test_ledger_unknown_shop_404" time="0.118" /><testcase classname="backend.tests.test_iter38_owner_payouts_employees.TestCrossShopAuth" name="test_non_owner_cannot_list_admin_shop" time="0.112" /><testcase classname="backend.tests.test_iter38_owner_payouts_employees.TestCrossShopAuth" name="test_non_owner_cannot_hire_admin_shop" time="0.108" /><testcase classname="backend.tests.test_iter38_owner_payouts_employees.TestCrossShopAuth" name="test_non_owner_cannot_fire_admin_shop" time="0.099" /><testcase classname="backend.tests.test_iter38_owner_payouts_employees.TestCrossShopAuth" name="test_non_owner_cannot_ledger_admin_shop" time="0.104" /><testcase classname="backend.tests.test_iter38_owner_payouts_employees.TestCrossShopAuth" name="test_admin_cannot_list_others_shop_employees" time="0.200" /><testcase classname="backend.tests.test_iter38_owner_payouts_employees.TestCrossShopAuth" name="test_admin_cannot_ledger_others_shop" time="0.107" /></testsuite></testsuites>