<?xml version="1.0" encoding="utf-8"?><testsuites name="pytest tests"><testsuite name="pytest" errors="0" failures="0" skipped="0" tests="12" time="3.859" timestamp="2026-08-23T16:59:45.029922+00:00" hostname="agent-env-ecc401ff-f5bc-4a0f-8257-9afc9b925a59"><testcase classname="tests.test_iter40_watchdog_and_image_storage.TestImageServing" name="test_get_image_200_and_content_type" time="0.616" /><testcase classname="tests.test_iter40_watchdog_and_image_storage.TestImageServing" name="test_head_image" time="0.850" /><testcase classname="tests.test_iter40_watchdog_and_image_storage.TestImageServing" name="test_etag_304" time="0.118" /><testcase classname="tests.test_iter40_watchdog_and_image_storage.TestImageServing" name="test_missing_image_404" time="0.146" /><testcase classname="tests.test_iter40_watchdog_and_image_storage.TestAdminHealth" name="test_get_health_admin" time="0.565" /><testcase classname="tests.test_iter40_watchdog_and_image_storage.TestAdminHealth" name="test_get_health_unauth_401" time="0.144" /><testcase classname="tests.test_iter40_watchdog_and_image_storage.TestAdminHealth" name="test_get_health_non_admin_forbidden" time="0.550" /><testcase classname="tests.test_iter40_watchdog_and_image_storage.TestAdminHealth" name="test_get_incidents_admin" time="0.167" /><testcase classname="tests.test_iter40_watchdog_and_image_storage.TestAdminHealth" name="test_get_incidents_non_admin_forbidden" time="0.151" /><testcase classname="tests.test_iter40_watchdog_and_image_storage.TestAdminHealth" name="test_check_now_admin" time="0.137" /><testcase classname="tests.test_iter40_watchdog_and_image_storage.TestAdminHealth" name="test_check_now_non_admin_forbidden" time="0.149" /><testcase classname="tests.test_iter40_watchdog_and_image_storage.TestAdminHealth" name="test_data_integrity_probe_images_drained" time="0.114" /></testsuite></testsuites>