<?xml version="1.0" encoding="utf-8"?><testsuites name="pytest tests"><testsuite name="pytest" errors="0" failures="1" skipped="0" tests="25" time="4.140" timestamp="2026-08-23T17:53:40.817884+00:00" hostname="agent-env-ecc401ff-f5bc-4a0f-8257-9afc9b925a59"><testcase classname="backend.tests.test_iter41_security_hardening.TestPublicReads" name="test_health" time="0.363"><failure message="requests.exceptions.JSONDecodeError: Expecting value: line 1 column 1 (char 0)">/root/.venv/lib/python3.11/site-packages/requests/models.py:976: in json
    return complexjson.loads(self.text, **kwargs)
           ^^^^^^^^^^^^^^^^^^^^^^^^^^^^^^^^^^^^^^
/usr/local/lib/python3.11/json/__init__.py:346: in loads
    return _default_decoder.decode(s)
           ^^^^^^^^^^^^^^^^^^^^^^^^^^
/usr/local/lib/python3.11/json/decoder.py:337: in decode
    obj, end = self.raw_decode(s, idx=_w(s, 0).end())
               ^^^^^^^^^^^^^^^^^^^^^^^^^^^^^^^^^^^^^^
/usr/local/lib/python3.11/json/decoder.py:355: in raw_decode
    raise JSONDecodeError("Expecting value", s, err.value) from None
E   json.decoder.JSONDecodeError: Expecting value: line 1 column 1 (char 0)

During handling of the above exception, another exception occurred:
backend/tests/test_iter41_security_hardening.py:90: in test_health
    body = r.json()
           ^^^^^^^^
/root/.venv/lib/python3.11/site-packages/requests/models.py:980: in json
    raise RequestsJSONDecodeError(e.msg, e.doc, e.pos)
E   requests.exceptions.JSONDecodeError: Expecting value: line 1 column 1 (char 0)</failure></testcase><testcase classname="backend.tests.test_iter41_security_hardening.TestPublicReads" name="test_db_status" time="0.143" /><testcase classname="backend.tests.test_iter41_security_hardening.TestPublicReads" name="test_factions_public" time="0.114" /><testcase classname="backend.tests.test_iter41_security_hardening.TestGatedEndpointsAnonymous" name="test_anonymous_returns_401[POST-/api/reset-and-seed]" time="0.126" /><testcase classname="backend.tests.test_iter41_security_hardening.TestGatedEndpointsAnonymous" name="test_anonymous_returns_401[GET-/api/populate-full/ammeonon]" time="0.101" /><testcase classname="backend.tests.test_iter41_security_hardening.TestGatedEndpointsAnonymous" name="test_anonymous_returns_401[GET-/api/populate-locations/ammeonon]" time="0.117" /><testcase classname="backend.tests.test_iter41_security_hardening.TestGatedEndpointsAnonymous" name="test_anonymous_returns_401[GET-/api/populate-all-nations]" time="0.136" /><testcase classname="backend.tests.test_iter41_security_hardening.TestGatedEndpointsAnonymous" name="test_anonymous_returns_401[GET-/api/initialize]" time="0.105" /><testcase classname="backend.tests.test_iter41_security_hardening.TestGatedEndpointsAnonymous" name="test_anonymous_returns_401[GET-/api/initialize/nations-images]" time="0.109" /><testcase classname="backend.tests.test_iter41_security_hardening.TestGatedEndpointsAnonymous" name="test_anonymous_returns_401[GET-/api/initialize/city-images/ammeonon]" time="0.123" /><testcase classname="backend.tests.test_iter41_security_hardening.TestGatedEndpointsAnonymous" name="test_anonymous_returns_401[GET-/api/initialize/location-images/ammeonon]" time="0.125" /><testcase classname="backend.tests.test_iter41_security_hardening.TestGatedEndpointsNonAdmin" name="test_nonadmin_returns_403[POST-/api/reset-and-seed]" time="0.484" /><testcase classname="backend.tests.test_iter41_security_hardening.TestGatedEndpointsNonAdmin" name="test_nonadmin_returns_403[GET-/api/populate-full/ammeonon]" time="0.135" /><testcase classname="backend.tests.test_iter41_security_hardening.TestGatedEndpointsNonAdmin" name="test_nonadmin_returns_403[GET-/api/populate-locations/ammeonon]" time="0.129" /><testcase classname="backend.tests.test_iter41_security_hardening.TestGatedEndpointsNonAdmin" name="test_nonadmin_returns_403[GET-/api/populate-all-nations]" time="0.106" /><testcase classname="backend.tests.test_iter41_security_hardening.TestGatedEndpointsNonAdmin" name="test_nonadmin_returns_403[GET-/api/initialize]" time="0.130" /><testcase classname="backend.tests.test_iter41_security_hardening.TestGatedEndpointsNonAdmin" name="test_nonadmin_returns_403[GET-/api/initialize/nations-images]" time="0.193" /><testcase classname="backend.tests.test_iter41_security_hardening.TestGatedEndpointsNonAdmin" name="test_nonadmin_returns_403[GET-/api/initialize/city-images/ammeonon]" time="0.140" /><testcase classname="backend.tests.test_iter41_security_hardening.TestGatedEndpointsNonAdmin" name="test_nonadmin_returns_403[GET-/api/initialize/location-images/ammeonon]" time="0.118" /><testcase classname="backend.tests.test_iter41_security_hardening.TestAuthFlow" name="test_admin_me" time="0.463" /><testcase classname="backend.tests.test_iter41_security_hardening.TestAuthFlow" name="test_nonadmin_me" time="0.115" /><testcase classname="backend.tests.test_iter41_security_hardening.TestAuthFlow" name="test_me_anonymous_401" time="0.120" /><testcase classname="backend.tests.test_iter41_security_hardening.TestAdminImageBatchStatusGuard" name="test_admin_200" time="0.106" /><testcase classname="backend.tests.test_iter41_security_hardening.TestAdminImageBatchStatusGuard" name="test_nonadmin_403" time="0.114" /><testcase classname="backend.tests.test_iter41_security_hardening.TestAdminImageBatchStatusGuard" name="test_anonymous_401" time="0.111" /></testsuite></testsuites>