<?xml version="1.0" encoding="utf-8"?><testsuites name="pytest tests"><testsuite name="pytest" errors="0" failures="0" skipped="0" tests="11" time="1.664" timestamp="2026-05-30T20:30:37.635600+00:00" hostname="agent-env-8318e6bc-d15f-4602-8ef3-9fb1219e7321"><testcase classname="tests.test_factions_phaseA_visibility.TestCharacterFactionLookup" name="test_single_character_returns_dict_or_null" time="0.771" /><testcase classname="tests.test_factions_phaseA_visibility.TestCharacterFactionLookup" name="test_unknown_character_returns_null" time="0.048" /><testcase classname="tests.test_factions_phaseA_visibility.TestBatchFactionLookup" name="test_batch_returns_dict_keyed_by_id" time="0.049" /><testcase classname="tests.test_factions_phaseA_visibility.TestBatchFactionLookup" name="test_batch_empty_list" time="0.065" /><testcase classname="tests.test_factions_phaseA_visibility.TestFactionNpcsRoster" name="test_npcs_endpoint_returns_list" time="0.130" /><testcase classname="tests.test_factions_phaseA_visibility.TestFactionNpcsRoster" name="test_npcs_endpoint_unknown_slug_returns_empty_or_404" time="0.112" /><testcase classname="tests.test_factions_phaseA_visibility.TestCharterMine" name="test_charter_mine_requires_auth" time="0.146" /><testcase classname="tests.test_factions_phaseA_visibility.TestCharterMine" name="test_charter_mine_admin_returns_list" time="0.052" /><testcase classname="tests.test_factions_phaseA_visibility.TestAdminCharters" name="test_admin_charters_requires_admin" time="0.121" /><testcase classname="tests.test_factions_phaseA_visibility.TestAdminCharters" name="test_admin_charters_pending" time="0.056" /><testcase classname="tests.test_factions_phaseA_visibility.TestAdminCharters" name="test_admin_charters_all" time="0.055" /></testsuite></testsuites>