<?xml version="1.0" encoding="utf-8"?><testsuites name="pytest tests"><testsuite name="pytest" errors="0" failures="0" skipped="0" tests="52" time="38.936" timestamp="2026-05-30T20:29:01.797726+00:00" hostname="agent-env-8318e6bc-d15f-4602-8ef3-9fb1219e7321"><testcase classname="tests.test_factions_charters.TestCharterLifecycle" name="test_file_rejected_when_insufficient_funds" time="0.775" /><testcase classname="tests.test_factions_charters.TestCharterLifecycle" name="test_filing_deducts_gold" time="0.125" /><testcase classname="tests.test_factions_charters.TestCharterLifecycle" name="test_rejection_refunds" time="0.230" /><testcase classname="tests.test_factions_charters.TestCharterLifecycle" name="test_approval_creates_faction_and_seeds_npcs" time="5.049" /><testcase classname="tests.test_factions_charters.TestCharterLifecycle" name="test_self_double_charter_blocked" time="0.127" /><testcase classname="tests.test_factions_charters.TestTick" name="test_admin_force_tick_runs_with_no_errors" time="6.920" /><testcase classname="tests.test_factions_charters.TestTick" name="test_lazy_tick_throttles" time="3.490" /><testcase classname="tests.test_factions_charters.TestTick" name="test_npc_quest_completion_pays_treasury" time="8.076" /><testcase classname="tests.test_factions.TestFactionPublicReads" name="test_list_factions" time="0.152" /><testcase classname="tests.test_factions.TestFactionPublicReads" name="test_get_faction_detail" time="0.118" /><testcase classname="tests.test_factions.TestFactionPublicReads" name="test_get_faction_404" time="0.115" /><testcase classname="tests.test_factions.TestFactionPublicReads" name="test_list_members" time="0.108" /><testcase classname="tests.test_factions.TestFactionPublicReads" name="test_ranks_endpoint" time="0.121" /><testcase classname="tests.test_factions.TestMyMembership" name="test_my_membership_requires_auth" time="0.124" /><testcase classname="tests.test_factions.TestMyMembership" name="test_my_membership_authed_returns_list" time="0.389" /><testcase classname="tests.test_factions.TestJoinLeaveFlow" name="test_join_requires_auth" time="0.309" /><testcase classname="tests.test_factions.TestJoinLeaveFlow" name="test_join_then_leave_happy_path" time="0.383" /><testcase classname="tests.test_factions.TestRankChanges" name="test_promote_demote_chain_and_edges" time="0.814" /><testcase classname="tests.test_factions_round2.TestReputation" name="test_reputation_initial_state_five_rows" time="0.129" /><testcase classname="tests.test_factions_round2.TestReputation" name="test_admin_grant_and_history" time="0.621" /><testcase classname="tests.test_factions_round2.TestReputation" name="test_reputation_clamps_positive_and_negative" time="0.541" /><testcase classname="tests.test_factions_round2.TestReputation" name="test_grant_requires_admin" time="0.383" /><testcase classname="tests.test_factions_round2.TestLawCrimeHook" name="test_character_crime_cascades_moderate_then_major" time="0.761" /><testcase classname="tests.test_factions_round2.TestLawCrimeHook" name="test_character_major_crime_cascades_correctly" time="0.334" /><testcase classname="tests.test_factions_round2.TestLawCrimeHook" name="test_npc_crime_does_not_cascade" time="0.242" /><testcase classname="tests.test_factions_round2.TestFactionThreads" name="test_threads_list_is_public_and_strips_content" time="0.234" /><testcase classname="tests.test_factions_round2.TestFactionThreads" name="test_get_full_thread_requires_auth" time="0.124" /><testcase classname="tests.test_factions_round2.TestFactionThreads" name="test_nonmember_user_is_forbidden" time="0.063" /><testcase classname="tests.test_factions_round2.TestFactionThreads" name="test_member_can_read_full_thread_with_replies" time="0.058" /><testcase classname="tests.test_factions_round2.TestFactionThreads" name="test_thread_create_requires_membership" time="0.059" /><testcase classname="tests.test_factions_round2.TestFactionThreads" name="test_reply_requires_membership_and_increments_count" time="0.238" /><testcase classname="tests.test_factions_round2.TestFactionThreads" name="test_admin_override_can_view_thread_without_membership" time="0.066" /><testcase classname="tests.test_factions_round2.TestSeedLeaders" name="test_seed_leaders_assigns_rank_and_leader_id" time="0.360" /><testcase classname="tests.test_factions_round3.TestTreasury" name="test_treasury_initial_state" time="0.124" /><testcase classname="tests.test_factions_round3.TestTreasury" name="test_donate_requires_membership" time="0.619" /><testcase classname="tests.test_factions_round3.TestTreasury" name="test_donate_moves_gold_and_logs" time="0.228" /><testcase classname="tests.test_factions_round3.TestTreasury" name="test_donate_rejects_insufficient_funds" time="0.127" /><testcase classname="tests.test_factions_round3.TestQuests" name="test_create_requires_officer_plus" time="0.121" /><testcase classname="tests.test_factions_round3.TestQuests" name="test_full_quest_lifecycle" time="0.763" /><testcase classname="tests.test_factions_round3.TestQuests" name="test_nonmember_cannot_complete" time="0.179" /><testcase classname="tests.test_factions_round3.TestQuests" name="test_ai_generate_returns_quest" time="1.994" /><testcase classname="tests.test_factions_round3.TestQuests" name="test_officer_close_quest" time="0.344" /><testcase classname="tests.test_factions_round3.TestRivalries" name="test_declare_requires_leader" time="0.124" /><testcase classname="tests.test_factions_round3.TestRivalries" name="test_leader_declares_and_escalates" time="0.421" /><testcase classname="tests.test_factions_round3.TestRivalries" name="test_self_rivalry_rejected" time="0.133" /><testcase classname="tests.test_factions_round3.TestRivalries" name="test_crime_auto_escalates_rivalry_in_rival_home_nation" time="0.301" /><testcase classname="tests.test_factions_round3.TestRivalries" name="test_admin_rivalries_list" time="0.187" /><testcase classname="tests.test_faction_prompt_injection" name="test_no_faction_block_when_player_has_no_faction" time="0.000" /><testcase classname="tests.test_faction_prompt_injection" name="test_faction_block_renders_with_membership" time="0.000" /><testcase classname="tests.test_faction_prompt_injection" name="test_active_rivalry_renders_and_keeps_probing_first" time="0.000" /><testcase classname="tests.test_faction_prompt_injection" name="test_dormant_rivalry_is_not_surfaced" time="0.000" /><testcase classname="tests.test_faction_prompt_injection" name="test_sworn_enemies_tier_adds_harder_scrutiny_rule" time="0.000" /></testsuite></testsuites>