<?xml version="1.0" encoding="utf-8"?><testsuites name="pytest tests"><testsuite name="pytest" errors="0" failures="0" skipped="0" tests="6" time="3.504" timestamp="2026-08-22T23:53:08.395832+00:00" hostname="agent-env-ecc401ff-f5bc-4a0f-8257-9afc9b925a59"><testcase classname="backend.tests.test_active_character" name="test_get_active_returns_character_and_id" time="0.892" /><testcase classname="backend.tests.test_active_character" name="test_active_route_not_shadowed_by_id_route" time="0.107" /><testcase classname="backend.tests.test_active_character" name="test_put_active_404_for_bogus_id" time="0.242" /><testcase classname="backend.tests.test_active_character" name="test_put_active_switches_and_persists" time="0.865" /><testcase classname="backend.tests.test_active_character" name="test_put_active_requires_auth" time="0.108" /><testcase classname="backend.tests.test_active_character" name="test_scene_state_uses_active_character" time="1.234" /></testsuite></testsuites>