<?xml version="1.0" encoding="utf-8"?><testsuites name="pytest tests"><testsuite name="pytest" errors="0" failures="0" skipped="0" tests="9" time="2.367" timestamp="2026-08-22T20:07:01.903355+00:00" hostname="agent-env-ecc401ff-f5bc-4a0f-8257-9afc9b925a59"><testcase classname="backend.tests.test_image_shrink_and_cities.TestImageBatchAdmin" name="test_survey_requires_auth" time="0.269" /><testcase classname="backend.tests.test_image_shrink_and_cities.TestImageBatchAdmin" name="test_survey_returns_shape" time="0.584" /><testcase classname="backend.tests.test_image_shrink_and_cities.TestImageBatchAdmin" name="test_status_returns_shape" time="0.125" /><testcase classname="backend.tests.test_image_shrink_and_cities.TestShrinkImageStorage" name="test_shrink_requires_auth" time="0.158" /><testcase classname="backend.tests.test_image_shrink_and_cities.TestShrinkImageStorage" name="test_shrink_returns_shape" time="0.117" /><testcase classname="backend.tests.test_image_shrink_and_cities.TestShrinkImageStorage" name="test_shrink_is_idempotent" time="0.327" /><testcase classname="backend.tests.test_image_shrink_and_cities.TestCitiesNoBase64" name="test_get_city_vargath_small_and_ref" time="0.110" /><testcase classname="backend.tests.test_image_shrink_and_cities.TestCitiesNoBase64" name="test_list_cities_no_data_urls" time="0.136" /><testcase classname="backend.tests.test_image_shrink_and_cities.TestCitiesNoBase64" name="test_image_endpoint_serves_bytes" time="0.479" /></testsuite></testsuites>