<?xml version="1.0" encoding="utf-8"?><testsuites name="pytest tests"><testsuite name="pytest" errors="0" failures="0" skipped="1" tests="13" time="4.984" timestamp="2026-08-23T12:47:40.815573+00:00" hostname="agent-env-ecc401ff-f5bc-4a0f-8257-9afc9b925a59"><testcase classname="tests.test_iter39_custom_offerings_and_buy_offers.TestCustomOfferings" name="test_admin_can_coin_custom_offering" time="1.091" /><testcase classname="tests.test_iter39_custom_offerings_and_buy_offers.TestCustomOfferings" name="test_non_leader_non_admin_forbidden" time="0.466" /><testcase classname="tests.test_iter39_custom_offerings_and_buy_offers.TestTreasury" name="test_deposit_then_withdraw_roundtrip" time="0.512" /><testcase classname="tests.test_iter39_custom_offerings_and_buy_offers.TestTreasury" name="test_deposit_zero_amount_400" time="0.147" /><testcase classname="tests.test_iter39_custom_offerings_and_buy_offers.TestTreasury" name="test_withdraw_more_than_treasury_400" time="0.153" /><testcase classname="tests.test_iter39_custom_offerings_and_buy_offers.TestTreasury" name="test_non_owner_cannot_deposit" time="0.111" /><testcase classname="tests.test_iter39_custom_offerings_and_buy_offers.TestBuyOffers" name="test_owner_lists_offers" time="0.110" /><testcase classname="tests.test_iter39_custom_offerings_and_buy_offers.TestBuyOffers" name="test_non_owner_list_forbidden" time="0.102" /><testcase classname="tests.test_iter39_custom_offerings_and_buy_offers.TestBuyOffers" name="test_owner_cannot_sell_to_own_shop" time="0.358" /><testcase classname="tests.test_iter39_custom_offerings_and_buy_offers.TestBuyOffers" name="test_player_propose_and_owner_accepts" time="1.336" /><testcase classname="tests.test_iter39_custom_offerings_and_buy_offers.TestBuyOffers" name="test_decline_offer" time="0.098"><skipped type="pytest.skip" message="no inventory to decline-test">/app/backend/tests/test_iter39_custom_offerings_and_buy_offers.py:269: no inventory to decline-test</skipped></testcase><testcase classname="tests.test_iter39_custom_offerings_and_buy_offers.TestBuyOffers" name="test_price_must_be_positive" time="0.232" /><testcase classname="tests.test_iter39_custom_offerings_and_buy_offers.TestBuyOffers" name="test_item_not_in_inventory_404" time="0.199" /></testsuite></testsuites>