<?xml version="1.0" encoding="utf-8"?><testsuites name="pytest tests"><testsuite name="pytest" errors="0" failures="0" skipped="0" tests="7" time="1.788" timestamp="2026-08-23T02:15:50.316020+00:00" hostname="agent-env-ecc401ff-f5bc-4a0f-8257-9afc9b925a59"><testcase classname="backend.tests.test_iter35_mobile_features" name="test_quest_participants_accepted" time="0.491" /><testcase classname="backend.tests.test_iter35_mobile_features" name="test_faction_threads_list_public" time="0.109" /><testcase classname="backend.tests.test_iter35_mobile_features" name="test_faction_treasury_get" time="0.113" /><testcase classname="backend.tests.test_iter35_mobile_features" name="test_non_member_thread_403" time="0.239" /><testcase classname="backend.tests.test_iter35_mobile_features" name="test_my_shop_get" time="0.152" /><testcase classname="backend.tests.test_iter35_mobile_features" name="test_economy_goods" time="0.121" /><testcase classname="backend.tests.test_iter35_mobile_features" name="test_add_manual_item_and_delete" time="0.504" /></testsuite></testsuites>