<?xml version="1.0" encoding="utf-8"?><testsuites name="pytest tests"><testsuite name="pytest" errors="0" failures="0" skipped="0" tests="73" time="1.909" timestamp="2026-06-14T21:33:26.223000+00:00" hostname="agent-env-8318e6bc-d15f-4602-8ef3-9fb1219e7321"><testcase classname="tests.test_economy" name="test_seed_canonical_goods_inserts_all_then_skips" time="0.001" /><testcase classname="tests.test_economy" name="test_seed_starter_specialties_writes_offerings" time="0.001" /><testcase classname="tests.test_economy" name="test_upsert_specialty_records_cost_history" time="0.001" /><testcase classname="tests.test_economy" name="test_upsert_specialty_no_change_no_history" time="0.001" /><testcase classname="tests.test_economy" name="test_remove_specialty_purges_row" time="0.001" /><testcase classname="tests.test_economy" name="test_create_contract_propagates_import_price" time="0.001" /><testcase classname="tests.test_economy" name="test_base_cost_change_cascades_to_city_price" time="0.001" /><testcase classname="tests.test_economy" name="test_break_contract_marks_good_unavailable" time="0.001" /><testcase classname="tests.test_economy" name="test_create_contract_fails_if_faction_doesnt_produce_good" time="0.001" /><testcase classname="tests.test_economy" name="test_compute_retail_price_static" time="0.000" /><testcase classname="tests.test_economy" name="test_resolve_item_auto_price_returns_none_without_market" time="0.001" /><testcase classname="tests.test_economy" name="test_resolve_item_auto_price_returns_chained_price" time="0.001" /><testcase classname="tests.test_economy" name="test_top_movers_orders_by_abs_delta" time="0.001" /><testcase classname="tests.test_economy" name="test_broken_routes_returns_only_broken" time="0.001" /><testcase classname="tests.test_economy" name="test_goods_affected_by_event_filters_by_tags" time="0.001" /><testcase classname="tests.test_economy" name="test_unknown_event_returns_empty" time="0.001" /><testcase classname="tests.test_economy_p1" name="test_auto_price_returns_cascaded_retail_price" time="0.001" /><testcase classname="tests.test_economy_p1" name="test_auto_price_400_when_no_contract" time="0.001" /><testcase classname="tests.test_economy_p1" name="test_auto_price_400_when_missing_fields" time="0.000" /><testcase classname="tests.test_economy_p1" name="test_auto_price_uses_shop_nation_fallback" time="0.001" /><testcase classname="tests.test_economy_p1" name="test_offered_good_body_validates" time="0.000" /><testcase classname="tests.test_economy_p1" name="test_offered_good_body_rejects_invalid_base_cost" time="0.000" /><testcase classname="tests.test_economy_p1" name="test_charter_offered_goods_capped_at_8" time="0.000" /><testcase classname="tests.test_economy_p1" name="test_post_caravan_body_validates" time="1.568" /><testcase classname="tests.test_economy_p1" name="test_post_caravan_body_clamps_expires" time="0.000" /><testcase classname="tests.test_economy_p1" name="test_complete_caravan_default_success" time="0.000" /><testcase classname="tests.test_economy_diplomacy_hook" name="test_threshold_constant_is_50" time="0.000" /><testcase classname="tests.test_economy_diplomacy_hook" name="test_no_break_when_below_threshold" time="0.001" /><testcase classname="tests.test_economy_diplomacy_hook" name="test_break_when_freshly_crossing_threshold" time="0.001" /><testcase classname="tests.test_economy_diplomacy_hook" name="test_no_repeat_break_within_hostile_band" time="0.001" /><testcase classname="tests.test_economy_diplomacy_hook" name="test_break_works_bidirectionally" time="0.001" /><testcase classname="tests.test_economy_diplomacy_hook" name="test_break_does_not_touch_unrelated_contracts" time="0.001" /><testcase classname="tests.test_courtroom" name="test_courthouse_created_when_missing" time="0.000" /><testcase classname="tests.test_courtroom" name="test_courthouse_is_idempotent" time="0.000" /><testcase classname="tests.test_courtroom" name="test_courthouse_nation_fallback" time="0.000" /><testcase classname="tests.test_courtroom" name="test_judge_and_prosecutor_created_once" time="0.000" /><testcase classname="tests.test_courtroom" name="test_gather_witnesses_deduplicates_by_name" time="0.000" /><testcase classname="tests.test_courtroom" name="test_gather_witnesses_handles_unknown_victims" time="0.000" /><testcase classname="tests.test_courtroom" name="test_baseline_sentence_petty" time="0.000" /><testcase classname="tests.test_courtroom" name="test_baseline_sentence_minor" time="0.000" /><testcase classname="tests.test_courtroom" name="test_baseline_sentence_major" time="0.000" /><testcase classname="tests.test_courtroom" name="test_baseline_sentence_regicide_executes" time="0.000" /><testcase classname="tests.test_courtroom" name="test_baseline_sentence_picks_worst" time="0.000" /><testcase classname="tests.test_courtroom" name="test_start_trial_is_idempotent_for_active_trial" time="0.000" /><testcase classname="tests.test_courtroom" name="test_append_defence_updates_leniency_and_turns" time="0.000" /><testcase classname="tests.test_courtroom" name="test_leniency_clamps_at_100" time="0.000" /><testcase classname="tests.test_courtroom" name="test_leniency_clamps_at_minus_100" time="0.000" /><testcase classname="tests.test_courtroom" name="test_finalize_trial_sets_verdict_and_status" time="0.000" /><testcase classname="tests.test_courtroom" name="test_get_active_trial_excludes_finalized" time="0.000" /><testcase classname="tests.test_courtroom" name="test_max_defence_turns_constant_is_5" time="0.000" /><testcase classname="tests.test_law_jail_overhaul" name="test_jail_service_creates_jail_when_missing" time="0.000" /><testcase classname="tests.test_law_jail_overhaul" name="test_jail_service_is_idempotent" time="0.000" /><testcase classname="tests.test_law_jail_overhaul" name="test_jail_service_nation_fallback" time="0.000" /><testcase classname="tests.test_law_jail_overhaul" name="test_resolve_city_for_location" time="0.000" /><testcase classname="tests.test_law_jail_overhaul" name="test_minor_crime_triggers_active_warrant" time="0.001" /><testcase classname="tests.test_law_jail_overhaul" name="test_two_petty_crimes_escalates_to_warrant" time="0.001" /><testcase classname="tests.test_law_jail_overhaul" name="test_capital_crime_warrant" time="0.000" /><testcase classname="tests.test_law_jail_overhaul" name="test_bounty_board_now_includes_minor_crimes" time="0.000" /><testcase classname="tests.test_law_jail_overhaul" name="test_bounty_board_excludes_lone_petty" time="0.000" /><testcase classname="tests.test_law_jail_overhaul" name="test_prompt_block_mentions_touch_rule_clean_record" time="0.000" /><testcase classname="tests.test_law_jail_overhaul" name="test_prompt_block_mentions_first_strike_rule" time="0.000" /><testcase classname="tests.test_law_jail_overhaul" name="test_warrant_trigger_severities_are_broadened" time="0.000" /><testcase classname="tests.test_t1_guard" name="test_detects_action_subject_violation" time="0.003" /><testcase classname="tests.test_t1_guard" name="test_detects_voice_possessive_violation" time="0.000" /><testcase classname="tests.test_t1_guard" name="test_clean_response_no_false_positives" time="0.000" /><testcase classname="tests.test_t1_guard" name="test_sanitize_returns_sentinel_when_response_is_mostly_violation" time="0.000" /><testcase classname="tests.test_t1_guard" name="test_sanitize_preserves_clean_text" time="0.000" /><testcase classname="tests.test_t1_guard" name="test_no_character_name_means_no_detection" time="0.000" /><testcase classname="tests.test_t1_guard" name="test_does_not_flag_npc_actions_addressing_player" time="0.000" /><testcase classname="tests.test_t1_guard" name="test_flags_dialogue_attributed_to_player" time="0.000" /><testcase classname="tests.test_t1_guard" name="test_multi_player_protection" time="0.002" /><testcase classname="tests.test_t1_guard" name="test_first_name_only_violation" time="0.002" /><testcase classname="tests.test_t1_guard" name="test_multi_player_clean_passes" time="0.000" /></testsuite></testsuites>