<?xml version="1.0" encoding="utf-8"?><testsuites name="pytest tests"><testsuite name="pytest" errors="0" failures="0" skipped="0" tests="22" time="538.036" timestamp="2026-08-21T16:35:59.104796+00:00" hostname="agent-env-8318e6bc-d15f-4602-8ef3-9fb1219e7321"><testcase classname="tests.test_iteration26_festivals_parties_live.TestFestivals" name="test_festivals_endpoint_shape" time="77.367" /><testcase classname="tests.test_iteration26_festivals_parties_live.TestFestivals" name="test_festivals_is_public" time="13.194" /><testcase classname="tests.test_iteration26_festivals_parties_live.TestPrayerSmoke" name="test_gods_returns_four" time="0.288" /><testcase classname="tests.test_iteration26_festivals_parties_live.TestPrayerSmoke" name="test_submit_prayer" time="89.978" /><testcase classname="tests.test_iteration26_festivals_parties_live.TestPartyLifecycle" name="test_a_create_party" time="69.155" /><testcase classname="tests.test_iteration26_festivals_parties_live.TestPartyLifecycle" name="test_b_second_user_joins" time="91.679" /><testcase classname="tests.test_iteration26_festivals_parties_live.TestPartyLifecycle" name="test_b2_duplicate_join_conflict" time="0.090" /><testcase classname="tests.test_iteration26_festivals_parties_live.TestPartyLifecycle" name="test_b3_non_host_cannot_start" time="0.087" /><testcase classname="tests.test_iteration26_festivals_parties_live.TestPartyLifecycle" name="test_c_host_starts_party" time="51.026" /><testcase classname="tests.test_iteration26_festivals_parties_live.TestPartyLifecycle" name="test_d_host_submits_action" time="85.700" /><testcase classname="tests.test_iteration26_festivals_parties_live.TestPartyLifecycle" name="test_e_second_user_submits_action" time="57.555" /><testcase classname="tests.test_iteration26_festivals_parties_live.TestPartyLifecycle" name="test_f_out_of_turn_rejected" time="0.097" /><testcase classname="tests.test_iteration26_festivals_parties_live.TestPartyLifecycle" name="test_g_second_user_leaves" time="0.094" /><testcase classname="tests.test_iteration26_festivals_parties_live.TestPartyLifecycle" name="test_h_host_cannot_leave" time="0.086" /><testcase classname="tests.test_iteration26_festivals_parties_live.TestPartyLifecycle" name="test_i_host_finishes_party" time="0.165" /><testcase classname="tests.test_iteration26_festivals_parties_live.TestPartyLifecycle" name="test_j_listing_hides_finished" time="0.169" /><testcase classname="tests.test_iteration26_festivals_parties_live.TestPartyGuardrails" name="test_create_with_foreign_character_404" time="0.084" /><testcase classname="tests.test_iteration26_festivals_parties_live.TestPartyGuardrails" name="test_join_full_party_409" time="0.625" /><testcase classname="tests.test_iteration26_festivals_parties_live.TestPartyGuardrails" name="test_start_nonexistent_party" time="0.088" /><testcase classname="tests.test_iteration26_festivals_parties_live.TestPartyGuardrails" name="test_get_nonexistent_party_404" time="0.079" /><testcase classname="tests.test_iteration26_festivals_parties_live.TestPartyGuardrails" name="test_unauthenticated_party_list_rejected" time="0.229" /><testcase classname="tests.test_iteration26_festivals_parties_live.TestPartyGuardrails" name="test_create_party_validation" time="0.091" /></testsuite></testsuites>