<?xml version="1.0" encoding="utf-8"?><testsuites name="pytest tests"><testsuite name="pytest" errors="0" failures="0" skipped="0" tests="7" time="2.648" timestamp="2026-08-28T09:25:55.143416+00:00" hostname="agent-env-ecc401ff-f5bc-4a0f-8257-9afc9b925a59"><testcase classname="backend.tests.test_iter42_members_directory_shrink.TestAuthRegression" name="test_admin_login_and_me" time="0.685" /><testcase classname="backend.tests.test_iter42_members_directory_shrink.TestAuthRegression" name="test_nonadmin_login_and_me" time="0.441" /><testcase classname="backend.tests.test_iter42_members_directory_shrink.TestMembersDirectoryShrink" name="test_payload_is_small_and_no_data_uris" time="0.113" /><testcase classname="backend.tests.test_iter42_members_directory_shrink.TestMembersDirectoryShrink" name="test_image_urls_serve_200_image" time="0.522" /><testcase classname="backend.tests.test_iter42_members_directory_shrink.TestCharacterUpload" name="test_upload_anonymous_returns_401" time="0.126" /><testcase classname="backend.tests.test_iter42_members_directory_shrink.TestCharacterUpload" name="test_upload_non_owned_returns_404" time="0.149" /><testcase classname="backend.tests.test_iter42_members_directory_shrink.TestCharacterUpload" name="test_upload_owner_stores_object_and_serves_image" time="0.543" /></testsuite></testsuites>