<?xml version="1.0" encoding="utf-8"?><testsuites name="pytest tests"><testsuite name="pytest" errors="0" failures="0" skipped="0" tests="7" time="5.884" timestamp="2026-08-23T01:42:12.825696+00:00" hostname="agent-env-ecc401ff-f5bc-4a0f-8257-9afc9b925a59"><testcase classname="backend.tests.test_quest_play" name="test_get_accepted_quest" time="0.588" /><testcase classname="backend.tests.test_quest_play" name="test_get_quest_not_found" time="0.096" /><testcase classname="backend.tests.test_quest_play" name="test_get_quest_actions_returns_list" time="0.133" /><testcase classname="backend.tests.test_quest_play" name="test_submit_quest_action_persists" time="4.037" /><testcase classname="backend.tests.test_quest_play" name="test_submit_action_without_acceptance_forbidden" time="0.674" /><testcase classname="backend.tests.test_quest_play" name="test_submit_action_completed_quest_forbidden" time="0.137" /><testcase classname="backend.tests.test_quest_play" name="test_my_accepted_lightweight_character" time="0.156" /></testsuite></testsuites>