<?xml version="1.0" encoding="utf-8"?><testsuites name="pytest tests"><testsuite name="pytest" errors="0" failures="0" skipped="0" tests="7" time="1.258" timestamp="2026-08-23T02:52:48.338449+00:00" hostname="agent-env-ecc401ff-f5bc-4a0f-8257-9afc9b925a59"><testcase classname="backend.tests.test_iter36_shop_features.TestSeedTradeContracts" name="test_seed_is_idempotent" time="0.489" /><testcase classname="backend.tests.test_iter36_shop_features.TestSeedTradeContracts" name="test_seed_requires_admin" time="0.110" /><testcase classname="backend.tests.test_iter36_shop_features.TestMarketPricesLive" name="test_combo_has_live_retail_price[aigraels-ironhold-iron-ingots-50]" time="0.048" /><testcase classname="backend.tests.test_iter36_shop_features.TestMarketPricesLive" name="test_combo_has_live_retail_price[dhor-kuldor-ancestor-hall-iron-swords-162]" time="0.047" /><testcase classname="backend.tests.test_iter36_shop_features.TestMarketPricesLive" name="test_combo_has_live_retail_price[selindori-aer-cyr-scribing-service-60]" time="0.055" /><testcase classname="backend.tests.test_iter36_shop_features.TestMarketPricesLive" name="test_combo_has_live_retail_price[ammeonon-amberport-silver-bullion-212]" time="0.047" /><testcase classname="backend.tests.test_iter36_shop_features.TestAutoRestockPersistence" name="test_create_item_with_restock" time="0.401" /></testsuite></testsuites>