<?xml version="1.0" encoding="utf-8"?><testsuites name="pytest tests"><testsuite name="pytest" errors="0" failures="0" skipped="0" tests="7" time="0.963" timestamp="2026-06-13T23:50:40.347734+00:00" hostname="agent-env-8318e6bc-d15f-4602-8ef3-9fb1219e7321"><testcase classname="tests.test_economy_live_api" name="test_seed_catalogue_idempotent" time="0.522" /><testcase classname="tests.test_economy_live_api" name="test_goods_catalogue_returns_25" time="0.048" /><testcase classname="tests.test_economy_live_api" name="test_forgemasters_specialties" time="0.059" /><testcase classname="tests.test_economy_live_api" name="test_top_movers_endpoint" time="0.083" /><testcase classname="tests.test_economy_live_api" name="test_broken_routes_endpoint" time="0.046" /><testcase classname="tests.test_economy_live_api" name="test_contract_rejects_non_produced_good" time="0.044" /><testcase classname="tests.test_economy_live_api" name="test_leader_specialty_endpoint_requires_auth" time="0.104" /></testsuite></testsuites>