<?xml version="1.0" encoding="utf-8"?><testsuites name="pytest tests"><testsuite name="pytest" errors="0" failures="0" skipped="0" tests="13" time="5.967" timestamp="2026-06-14T00:18:10.159674+00:00" hostname="agent-env-8318e6bc-d15f-4602-8ef3-9fb1219e7321"><testcase classname="tests.test_economy_p1_live_api" name="test_auto_priced_item_creation_and_refresh" time="0.656" /><testcase classname="tests.test_economy_p1_live_api" name="test_refresh_price_400_when_not_auto_priced" time="0.095" /><testcase classname="tests.test_economy_p1_live_api" name="test_shop_bulk_refresh_prices" time="0.050" /><testcase classname="tests.test_economy_p1_live_api" name="test_auto_priced_item_400_when_no_market" time="0.047" /><testcase classname="tests.test_economy_p1_live_api" name="test_faction_contracts_public_list" time="0.156" /><testcase classname="tests.test_economy_p1_live_api" name="test_leader_contract_create_url_body_mismatch" time="0.048" /><testcase classname="tests.test_economy_p1_live_api" name="test_leader_contract_create_requires_auth" time="0.047" /><testcase classname="tests.test_economy_p1_live_api" name="test_caravan_lifecycle_post_claim_complete" time="3.914" /><testcase classname="tests.test_economy_p1_live_api" name="test_caravan_cancel_refunds_poster" time="0.499" /><testcase classname="tests.test_economy_p1_live_api" name="test_caravan_post_requires_auth" time="0.042" /><testcase classname="tests.test_economy_p1_live_api" name="test_caravan_post_400_unknown_good" time="0.055" /><testcase classname="tests.test_economy_p1_live_api" name="test_caravans_public_list" time="0.045" /><testcase classname="tests.test_economy_p1_live_api" name="test_charter_invalid_offered_good_returns_400" time="0.242" /></testsuite></testsuites>