<?xml version="1.0" encoding="utf-8"?><testsuites name="pytest tests"><testsuite name="pytest" errors="0" failures="0" skipped="0" tests="10" time="3.702" timestamp="2026-06-07T00:47:56.011513+00:00" hostname="agent-env-8318e6bc-d15f-4602-8ef3-9fb1219e7321"><testcase classname="tests.test_courtroom_live_api" name="test_get_trial_returns_null_when_no_active" time="0.537" /><testcase classname="tests.test_courtroom_live_api" name="test_get_trial_requires_auth" time="0.165" /><testcase classname="tests.test_courtroom_live_api" name="test_surrender_requires_location" time="0.183" /><testcase classname="tests.test_courtroom_live_api" name="test_surrender_with_clean_record_dismisses" time="0.223" /><testcase classname="tests.test_courtroom_live_api" name="test_defend_without_active_trial_returns_400" time="0.233" /><testcase classname="tests.test_courtroom_live_api" name="test_rest_case_without_active_trial_returns_400" time="0.232" /><testcase classname="tests.test_courtroom_live_api" name="test_defend_with_empty_text_returns_400" time="0.112" /><testcase classname="tests.test_courtroom_live_api" name="test_surrender_route_uses_shared_trial_helper" time="1.737" /><testcase classname="tests.test_courtroom_live_api" name="test_auto_arrest_uses_shared_trial_helper" time="0.228" /><testcase classname="tests.test_courtroom_live_api" name="test_courtroom_routes_mounted" time="0.000" /></testsuite></testsuites>