<?xml version="1.0" encoding="utf-8"?><testsuites name="pytest tests"><testsuite name="pytest" errors="0" failures="0" skipped="0" tests="9" time="0.306" timestamp="2026-06-07T00:14:44.100134+00:00" hostname="agent-env-8318e6bc-d15f-4602-8ef3-9fb1219e7321"><testcase classname="tests.test_law_refactor.TestResolvePerpetrator" name="test_character_default" time="0.000" /><testcase classname="tests.test_law_refactor.TestResolvePerpetrator" name="test_character_explicit_id_overrides" time="0.000" /><testcase classname="tests.test_law_refactor.TestResolvePerpetrator" name="test_npc_path" time="0.000" /><testcase classname="tests.test_law_refactor.TestResolvePerpetrator" name="test_npc_missing_id_raises" time="0.000" /><testcase classname="tests.test_law_refactor.TestResolvePerpetrator" name="test_character_missing_id_raises" time="0.000" /><testcase classname="tests.test_law_refactor.TestBuildCrimeDoc" name="test_character_doc_shape" time="0.000" /><testcase classname="tests.test_law_refactor.TestBuildCrimeDoc" name="test_npc_doc_shape" time="0.000" /><testcase classname="tests.test_law_refactor.TestRecordCrimeIntegration" name="test_character_crime_persists" time="0.196" /><testcase classname="tests.test_law_refactor.TestRecordCrimeIntegration" name="test_npc_crime_persists" time="0.006" /></testsuite></testsuites>