<?xml version="1.0" encoding="utf-8"?><testsuites name="pytest tests"><testsuite name="pytest" errors="0" failures="0" skipped="0" tests="12" time="0.298" timestamp="2026-06-07T00:13:43.177972+00:00" hostname="agent-env-8318e6bc-d15f-4602-8ef3-9fb1219e7321"><testcase classname="tests.test_law_jail_overhaul" name="test_jail_service_creates_jail_when_missing" time="0.001" /><testcase classname="tests.test_law_jail_overhaul" name="test_jail_service_is_idempotent" time="0.000" /><testcase classname="tests.test_law_jail_overhaul" name="test_jail_service_nation_fallback" time="0.000" /><testcase classname="tests.test_law_jail_overhaul" name="test_resolve_city_for_location" time="0.000" /><testcase classname="tests.test_law_jail_overhaul" name="test_minor_crime_triggers_active_warrant" time="0.186" /><testcase classname="tests.test_law_jail_overhaul" name="test_two_petty_crimes_escalates_to_warrant" time="0.001" /><testcase classname="tests.test_law_jail_overhaul" name="test_capital_crime_warrant" time="0.000" /><testcase classname="tests.test_law_jail_overhaul" name="test_bounty_board_now_includes_minor_crimes" time="0.000" /><testcase classname="tests.test_law_jail_overhaul" name="test_bounty_board_excludes_lone_petty" time="0.000" /><testcase classname="tests.test_law_jail_overhaul" name="test_prompt_block_mentions_touch_rule_clean_record" time="0.000" /><testcase classname="tests.test_law_jail_overhaul" name="test_prompt_block_mentions_first_strike_rule" time="0.000" /><testcase classname="tests.test_law_jail_overhaul" name="test_warrant_trigger_severities_are_broadened" time="0.000" /></testsuite></testsuites>