<?xml version="1.0" encoding="utf-8"?><testsuites name="pytest tests"><testsuite name="pytest" errors="0" failures="0" skipped="0" tests="17" time="60.980" timestamp="2026-05-30T02:57:50.348693+00:00" hostname="agent-env-8318e6bc-d15f-4602-8ef3-9fb1219e7321"><testcase classname="backend.tests.test_law_system.TestLawFeatureFlag" name="test_rap_sheet_exposes_flag" time="0.900" /><testcase classname="backend.tests.test_law_system.TestCrimeRecording" name="test_violent_action_records_capital_crime" time="8.677" /><testcase classname="backend.tests.test_law_system.TestRecordPropagation" name="test_record_propagates_same_nation_not_cross_nation" time="12.135" /><testcase classname="backend.tests.test_law_system.TestSurrenderFlow" name="test_surrender_creates_trial_and_maybe_imprison" time="13.521" /><testcase classname="backend.tests.test_law_system.TestImprisonmentLock" name="test_rp_blocked_at_other_locations" time="0.161" /><testcase classname="backend.tests.test_law_system.TestImprisonmentLock" name="test_rp_in_jail_increments_turns" time="5.666" /><testcase classname="backend.tests.test_law_system.TestEscapeFlow" name="test_vague_escape_fails_and_extends_sentence" time="1.361" /><testcase classname="backend.tests.test_law_system.TestEscapeFlow" name="test_creative_escape_succeeds_and_logs_new_crime" time="2.901" /><testcase classname="backend.tests.test_law_system.TestChronicle" name="test_chronicle_contains_trial_and_crime" time="0.052" /><testcase classname="backend.tests.test_law_system.TestAdminLawEndpoints" name="test_admin_crimes_list" time="0.056" /><testcase classname="backend.tests.test_law_system.TestAdminLawEndpoints" name="test_admin_crimes_status_filter" time="0.061" /><testcase classname="backend.tests.test_law_system.TestAdminLawEndpoints" name="test_admin_imprisonments_list" time="0.048" /><testcase classname="backend.tests.test_law_system.TestCompanionCRUD" name="test_create_update_delete_companion" time="0.169" /><testcase classname="backend.tests.test_law_system.TestImageStorage" name="test_city_image_json_small" time="0.055" /><testcase classname="backend.tests.test_law_system.TestImageStorage" name="test_nation_images_small" time="0.056" /><testcase classname="backend.tests.test_law_system.TestImageStorage" name="test_image_endpoint_serves_bytes_with_cache_headers" time="0.226" /><testcase classname="backend.tests.test_law_system.TestBackgroundSeed" name="test_start_seed_and_poll_completion" time="14.876" /></testsuite></testsuites>