<?xml version="1.0" encoding="utf-8"?><testsuites name="pytest tests"><testsuite name="pytest" errors="0" failures="0" skipped="0" tests="4" time="1.475" timestamp="2026-05-30T16:57:14.360955+00:00" hostname="agent-env-8318e6bc-d15f-4602-8ef3-9fb1219e7321"><testcase classname="backend.tests.test_law_system.TestLawFeatureFlag" name="test_rap_sheet_exposes_flag" time="0.969" /><testcase classname="backend.tests.test_law_system.TestAdminLawEndpoints" name="test_admin_crimes_list" time="0.052" /><testcase classname="backend.tests.test_law_system.TestAdminLawEndpoints" name="test_admin_crimes_status_filter" time="0.052" /><testcase classname="backend.tests.test_law_system.TestAdminLawEndpoints" name="test_admin_imprisonments_list" time="0.308" /></testsuite></testsuites>