<?xml version="1.0" encoding="utf-8"?><testsuites name="pytest tests"><testsuite name="pytest" errors="0" failures="0" skipped="0" tests="5" time="2.852" timestamp="2026-06-07T00:14:35.716830+00:00" hostname="agent-env-8318e6bc-d15f-4602-8ef3-9fb1219e7321"><testcase classname="tests.test_law_jail_live_api" name="test_bounty_board_200_and_schema" time="0.250" /><testcase classname="tests.test_law_jail_live_api" name="test_bounty_board_nation_filter_200" time="0.135" /><testcase classname="tests.test_law_jail_live_api" name="test_locations_endpoint_200" time="0.446" /><testcase classname="tests.test_law_jail_live_api" name="test_helper_auto_arrest_importable_from_server" time="1.842" /><testcase classname="tests.test_law_jail_live_api" name="test_surrender_requires_auth" time="0.124" /></testsuite></testsuites>