<?xml version="1.0" encoding="utf-8"?><testsuites name="pytest tests"><testsuite name="pytest" errors="0" failures="0" skipped="0" tests="30" time="6.687" timestamp="2026-08-22T02:11:40.499374+00:00" hostname="agent-env-8318e6bc-d15f-4602-8ef3-9fb1219e7321"><testcase classname="tests.test_music_routes.TestListEndpoint" name="test_public_list_shape" time="0.141" /><testcase classname="tests.test_music_routes.TestListEndpoint" name="test_legacy_global_mp3_preserved" time="0.324" /><testcase classname="tests.test_music_routes.TestListEndpoint" name="test_tracks_sorted_alphabetically" time="0.975" /><testcase classname="tests.test_music_routes.TestSingleUpload" name="test_upload_then_appears_in_list" time="0.487" /><testcase classname="tests.test_music_routes.TestSingleUpload" name="test_two_uploads_same_theme_no_overwrite" time="0.179" /><testcase classname="tests.test_music_routes.TestSingleUpload" name="test_same_filename_twice_both_kept" time="0.246" /><testcase classname="tests.test_music_routes.TestUploadMany" name="test_upload_many_two_files" time="0.114" /><testcase classname="tests.test_music_routes.TestUploadMany" name="test_upload_many_mixed_valid_invalid" time="0.130" /><testcase classname="tests.test_music_routes.TestChunkedUpload" name="test_full_chunk_cycle" time="0.542" /><testcase classname="tests.test_music_routes.TestChunkedUpload" name="test_abort_removes_session" time="0.138" /><testcase classname="tests.test_music_routes.TestChunkedUpload" name="test_init_rejects_non_audio" time="0.058" /><testcase classname="tests.test_music_routes.TestChunkedUpload" name="test_init_rejects_oversize" time="0.056" /><testcase classname="tests.test_music_routes.TestChunkedUpload" name="test_init_rejects_bad_theme" time="0.049" /><testcase classname="tests.test_music_routes.TestChunkedUpload" name="test_append_unknown_session_404" time="0.051" /><testcase classname="tests.test_music_routes.TestChunkedUpload" name="test_finalize_zero_bytes_400" time="0.124" /><testcase classname="tests.test_music_routes.TestChunkedUpload" name="test_finalize_unknown_session_404" time="0.047" /><testcase classname="tests.test_music_routes.TestChunkedUpload" name="test_append_chunk_too_large" time="0.286" /><testcase classname="tests.test_music_routes.TestDelete" name="test_delete_single_track" time="0.296" /><testcase classname="tests.test_music_routes.TestDelete" name="test_delete_missing_track_404" time="0.050" /><testcase classname="tests.test_music_routes.TestDelete" name="test_delete_invalid_theme_400" time="0.051" /><testcase classname="tests.test_music_routes.TestDelete" name="test_wipe_theme" time="0.217" /><testcase classname="tests.test_music_routes.TestDelete" name="test_wipe_invalid_theme_400" time="0.053" /><testcase classname="tests.test_music_routes.TestDelete" name="test_path_traversal_blocked" time="0.126" /><testcase classname="tests.test_music_routes.TestGuards" name="test_non_audio_rejected" time="0.049" /><testcase classname="tests.test_music_routes.TestGuards" name="test_invalid_theme_rejected" time="0.054" /><testcase classname="tests.test_music_routes.TestGuards" name="test_non_admin_forbidden" time="0.537" /><testcase classname="tests.test_music_routes.TestGuards" name="test_non_admin_forbidden_all_admin_endpoints" time="0.757" /><testcase classname="tests.test_music_routes.TestGuards" name="test_unauthenticated_rejected" time="0.050" /><testcase classname="tests.test_music_routes.TestGuards" name="test_unauthenticated_delete_rejected" time="0.057" /><testcase classname="tests.test_music_routes" name="test_zz_cleanup" time="0.382" /></testsuite></testsuites>