<?xml version="1.0" encoding="utf-8"?><testsuites name="pytest tests"><testsuite name="pytest" errors="0" failures="0" skipped="0" tests="17" time="8.917" timestamp="2026-05-24T18:45:41.383283+00:00" hostname="agent-env-8318e6bc-d15f-4602-8ef3-9fb1219e7321"><testcase classname="tests.test_p0_seed_and_world.TestAdminSanity" name="test_admin_login" time="0.365" /><testcase classname="tests.test_p0_seed_and_world.TestAdminSanity" name="test_database_status" time="0.128" /><testcase classname="tests.test_p0_seed_and_world.TestAdminSanity" name="test_admin_users" time="0.111" /><testcase classname="tests.test_p0_seed_and_world.TestAdminSanity" name="test_admin_applications" time="0.108" /><testcase classname="tests.test_p0_seed_and_world.TestSeedingFlow" name="test_seed_status_idle_or_completed_initially" time="0.116" /><testcase classname="tests.test_p0_seed_and_world.TestSeedingFlow" name="test_start_full_seed_no_images_then_poll" time="0.342" /><testcase classname="tests.test_p0_seed_and_world.TestSeedingFlow" name="test_seed_requires_admin" time="0.169" /><testcase classname="tests.test_p0_seed_and_world.TestWorldStateEndpoints" name="test_get_diplomacy" time="0.116" /><testcase classname="tests.test_p0_seed_and_world.TestWorldStateEndpoints" name="test_set_diplomacy" time="0.110" /><testcase classname="tests.test_p0_seed_and_world.TestWorldStateEndpoints" name="test_adjust_diplomacy_emits_event" time="0.109" /><testcase classname="tests.test_p0_seed_and_world.TestWorldStateEndpoints" name="test_world_events_list" time="0.123" /><testcase classname="tests.test_p0_seed_and_world.TestWorldStateEndpoints" name="test_world_events_create" time="0.108" /><testcase classname="tests.test_p0_seed_and_world.TestWorldStateEndpoints" name="test_cascade_queue" time="0.123" /><testcase classname="tests.test_p0_seed_and_world.TestWorldStateEndpoints" name="test_character_reputation_endpoint" time="0.113" /><testcase classname="tests.test_p0_seed_and_world.TestChronicle" name="test_chronicle_with_admin" time="0.104" /><testcase classname="tests.test_p0_seed_and_world.TestLocationRP" name="test_submit_rp_action_persists" time="6.485" /><testcase classname="tests.test_p0_seed_and_world.TestNationNavigationBackend" name="test_cities_for_nation" time="0.118" /></testsuite></testsuites>