<?xml version="1.0" encoding="utf-8"?><testsuites name="pytest tests"><testsuite name="pytest" errors="0" failures="0" skipped="0" tests="17" time="39.905" timestamp="2026-01-10T14:29:49.671848+00:00" hostname="agent-env-24ca1dd8-28a0-4218-b894-ba308e327d4f"><testcase classname="tests.test_locations_api.TestLocationsStatus" name="test_locations_status_endpoint" time="0.353" /><testcase classname="tests.test_locations_api.TestLocationsStatus" name="test_ammeonon_zero_missing_images" time="0.043" /><testcase classname="tests.test_locations_api.TestLocationsStatus" name="test_dhor_khuldor_zero_missing_images" time="0.081" /><testcase classname="tests.test_locations_api.TestLocationsStatus" name="test_selindori_zero_missing_images" time="0.043" /><testcase classname="tests.test_locations_api.TestLocationsStatus" name="test_aigraels_zero_missing_images" time="0.046" /><testcase classname="tests.test_locations_api.TestLocationsStatus" name="test_veiled_realms_zero_missing_images" time="0.043" /><testcase classname="tests.test_locations_api.TestLocationsByNation" name="test_ammeonon_locations_have_images" time="6.431" /><testcase classname="tests.test_locations_api.TestLocationsByNation" name="test_dhor_khuldor_locations_have_images" time="18.371" /><testcase classname="tests.test_locations_api.TestLocationsByNation" name="test_selindori_locations_have_images" time="6.234" /><testcase classname="tests.test_locations_api.TestLocationsByNation" name="test_aigraels_locations_have_images" time="2.497" /><testcase classname="tests.test_locations_api.TestLocationsByNation" name="test_veiled_realms_locations_have_images" time="4.661" /><testcase classname="tests.test_locations_api.TestLocationsByCity" name="test_ammeonon_city_locations" time="0.496" /><testcase classname="tests.test_locations_api.TestLocationsByCity" name="test_dhor_khuldor_city_locations" time="0.205" /><testcase classname="tests.test_locations_api.TestCitiesLazyLoading" name="test_dhor_khuldor_cities_count" time="0.043" /><testcase classname="tests.test_locations_api.TestCitiesLazyLoading" name="test_cities_response_has_has_image_flag" time="0.036" /><testcase classname="tests.test_locations_api.TestCitiesLazyLoading" name="test_city_image_endpoint" time="0.115" /><testcase classname="tests.test_locations_api.TestDatabaseStatus" name="test_db_status" time="0.101" /></testsuite></testsuites>