<?xml version="1.0" encoding="utf-8"?><testsuites name="pytest tests"><testsuite name="pytest" errors="0" failures="0" skipped="0" tests="13" time="16.299" timestamp="2026-01-16T22:18:55.481655+00:00" hostname="agent-env-24ca1dd8-28a0-4218-b894-ba308e327d4f"><testcase classname="tests.test_admin_features.TestAdminAuthentication" name="test_admin_login" time="0.293" /><testcase classname="tests.test_admin_features.TestAdminUsersList" name="test_get_all_users_as_admin" time="0.297" /><testcase classname="tests.test_admin_features.TestAdminUsersList" name="test_get_users_without_auth_fails" time="0.040" /><testcase classname="tests.test_admin_features.TestAdminPasswordReset" name="test_admin_can_reset_user_password" time="1.081" /><testcase classname="tests.test_admin_features.TestAdminPasswordReset" name="test_password_reset_requires_min_length" time="0.364" /><testcase classname="tests.test_admin_features.TestAdminPasswordReset" name="test_password_reset_requires_admin" time="0.033" /><testcase classname="tests.test_admin_features.TestAdminPasswordReset" name="test_password_reset_invalid_user" time="0.336" /><testcase classname="tests.test_admin_features.TestDeleteRPPosts" name="test_get_rp_posts" time="0.298" /><testcase classname="tests.test_admin_features.TestDeleteRPPosts" name="test_admin_can_delete_any_post" time="0.334" /><testcase classname="tests.test_admin_features.TestDeleteRPPosts" name="test_delete_nonexistent_post_returns_404" time="0.299" /><testcase classname="tests.test_admin_features.TestDeleteRPPosts" name="test_delete_requires_auth" time="0.042" /><testcase classname="tests.test_admin_features.TestDuplicateRPPrevention" name="test_duplicate_post_returns_existing" time="12.774" /><testcase classname="tests.test_admin_features.TestHealthCheck" name="test_health_endpoint" time="0.036" /></testsuite></testsuites>