<?xml version="1.0" encoding="utf-8"?><testsuites name="pytest tests"><testsuite name="pytest" errors="0" failures="0" skipped="0" tests="8" time="0.563" timestamp="2026-01-10T08:05:27.894638+00:00" hostname="agent-env-24ca1dd8-28a0-4218-b894-ba308e327d4f"><testcase classname="tests.test_cities_api.TestCitiesAPI" name="test_health_check" time="0.134" /><testcase classname="tests.test_cities_api.TestCitiesAPI" name="test_dhor_khuldor_cities_list_no_image_url" time="0.038" /><testcase classname="tests.test_cities_api.TestCitiesAPI" name="test_dhor_khuldor_has_80_plus_cities" time="0.047" /><testcase classname="tests.test_cities_api.TestCitiesAPI" name="test_city_image_endpoint" time="0.120" /><testcase classname="tests.test_cities_api.TestCitiesAPI" name="test_city_image_endpoint_404_for_invalid_city" time="0.040" /><testcase classname="tests.test_cities_api.TestCitiesAPI" name="test_ammeonon_cities_list" time="0.038" /><testcase classname="tests.test_cities_api.TestCitiesAPI" name="test_response_time_is_fast" time="0.044" /><testcase classname="tests.test_cities_api.TestCityListItemModel" name="test_city_list_item_fields" time="0.040" /></testsuite></testsuites>