<?xml version="1.0" encoding="utf-8"?><testsuites name="pytest tests"><testsuite name="pytest" errors="0" failures="0" skipped="0" tests="11" time="0.036" timestamp="2026-06-07T00:13:47.914968+00:00" hostname="agent-env-8318e6bc-d15f-4602-8ef3-9fb1219e7321"><testcase classname="tests.test_t1_guard" name="test_detects_action_subject_violation" time="0.003" /><testcase classname="tests.test_t1_guard" name="test_detects_voice_possessive_violation" time="0.000" /><testcase classname="tests.test_t1_guard" name="test_clean_response_no_false_positives" time="0.000" /><testcase classname="tests.test_t1_guard" name="test_sanitize_returns_sentinel_when_response_is_mostly_violation" time="0.000" /><testcase classname="tests.test_t1_guard" name="test_sanitize_preserves_clean_text" time="0.000" /><testcase classname="tests.test_t1_guard" name="test_no_character_name_means_no_detection" time="0.000" /><testcase classname="tests.test_t1_guard" name="test_does_not_flag_npc_actions_addressing_player" time="0.000" /><testcase classname="tests.test_t1_guard" name="test_flags_dialogue_attributed_to_player" time="0.000" /><testcase classname="tests.test_t1_guard" name="test_multi_player_protection" time="0.003" /><testcase classname="tests.test_t1_guard" name="test_first_name_only_violation" time="0.002" /><testcase classname="tests.test_t1_guard" name="test_multi_player_clean_passes" time="0.000" /></testsuite></testsuites>